ERROR - 2022-11-09 08:24:39 --> Error connecting to the database: mysqli_sql_exception: No connection could be made because the target machine actively refused it in C:\Users\vbona\wp2\SistemInformasiSekolah-1\vendor\codeigniter4\framework\system\Database\MySQLi\Connection.php:171
Stack trace:
#0 C:\Users\vbona\wp2\SistemInformasiSekolah-1\vendor\codeigniter4\framework\system\Database\MySQLi\Connection.php(171): mysqli->real_connect('localhost', 'root', '', 'SIS', 3306, '', 0)
#1 C:\Users\vbona\wp2\SistemInformasiSekolah-1\vendor\codeigniter4\framework\system\Database\BaseConnection.php(382): CodeIgniter\Database\MySQLi\Connection->connect(false)
#2 C:\Users\vbona\wp2\SistemInformasiSekolah-1\vendor\codeigniter4\framework\system\Database\BaseConnection.php(561): CodeIgniter\Database\BaseConnection->initialize()
#3 C:\Users\vbona\wp2\SistemInformasiSekolah-1\vendor\codeigniter4\framework\system\Database\BaseBuilder.php(1585): CodeIgniter\Database\BaseConnection->query('SELECT *\nFROM `...', Array, false)
#4 C:\Users\vbona\wp2\SistemInformasiSekolah-1\vendor\codeigniter4\framework\system\Model.php(250): CodeIgniter\Database\BaseBuilder->get()
#5 C:\Users\vbona\wp2\SistemInformasiSekolah-1\vendor\codeigniter4\framework\system\BaseModel.php(623): CodeIgniter\Model->doFirst()
#6 C:\Users\vbona\wp2\SistemInformasiSekolah-1\app\Controllers\PegawaiController.php(20): CodeIgniter\BaseModel->first()
#7 C:\Users\vbona\wp2\SistemInformasiSekolah-1\vendor\codeigniter4\framework\system\CodeIgniter.php(927): App\Controllers\PegawaiController->login()
#8 C:\Users\vbona\wp2\SistemInformasiSekolah-1\vendor\codeigniter4\framework\system\CodeIgniter.php(482): CodeIgniter\CodeIgniter->runController(Object(App\Controllers\PegawaiController))
#9 C:\Users\vbona\wp2\SistemInformasiSekolah-1\vendor\codeigniter4\framework\system\CodeIgniter.php(351): CodeIgniter\CodeIgniter->handleRequest(NULL, Object(Config\Cache), false)
#10 C:\Users\vbona\wp2\SistemInformasiSekolah-1\public\index.php(67): CodeIgniter\CodeIgniter->run()
#11 C:\Users\vbona\wp2\SistemInformasiSekolah-1\vendor\codeigniter4\framework\system\Commands\Server\rewrite.php(46): require_once('C:\\Users\\vbona\\...')
#12 {main}

Next CodeIgniter\Database\Exceptions\DatabaseException: No connection could be made because the target machine actively refused it in C:\Users\vbona\wp2\SistemInformasiSekolah-1\vendor\codeigniter4\framework\system\Database\MySQLi\Connection.php:215
Stack trace:
#0 C:\Users\vbona\wp2\SistemInformasiSekolah-1\vendor\codeigniter4\framework\system\Database\BaseConnection.php(382): CodeIgniter\Database\MySQLi\Connection->connect(false)
#1 C:\Users\vbona\wp2\SistemInformasiSekolah-1\vendor\codeigniter4\framework\system\Database\BaseConnection.php(561): CodeIgniter\Database\BaseConnection->initialize()
#2 C:\Users\vbona\wp2\SistemInformasiSekolah-1\vendor\codeigniter4\framework\system\Database\BaseBuilder.php(1585): CodeIgniter\Database\BaseConnection->query('SELECT *\nFROM `...', Array, false)
#3 C:\Users\vbona\wp2\SistemInformasiSekolah-1\vendor\codeigniter4\framework\system\Model.php(250): CodeIgniter\Database\BaseBuilder->get()
#4 C:\Users\vbona\wp2\SistemInformasiSekolah-1\vendor\codeigniter4\framework\system\BaseModel.php(623): CodeIgniter\Model->doFirst()
#5 C:\Users\vbona\wp2\SistemInformasiSekolah-1\app\Controllers\PegawaiController.php(20): CodeIgniter\BaseModel->first()
#6 C:\Users\vbona\wp2\SistemInformasiSekolah-1\vendor\codeigniter4\framework\system\CodeIgniter.php(927): App\Controllers\PegawaiController->login()
#7 C:\Users\vbona\wp2\SistemInformasiSekolah-1\vendor\codeigniter4\framework\system\CodeIgniter.php(482): CodeIgniter\CodeIgniter->runController(Object(App\Controllers\PegawaiController))
#8 C:\Users\vbona\wp2\SistemInformasiSekolah-1\vendor\codeigniter4\framework\system\CodeIgniter.php(351): CodeIgniter\CodeIgniter->handleRequest(NULL, Object(Config\Cache), false)
#9 C:\Users\vbona\wp2\SistemInformasiSekolah-1\public\index.php(67): CodeIgniter\CodeIgniter->run()
#10 C:\Users\vbona\wp2\SistemInformasiSekolah-1\vendor\codeigniter4\framework\system\Commands\Server\rewrite.php(46): require_once('C:\\Users\\vbona\\...')
#11 {main}
CRITICAL - 2022-11-09 08:24:39 --> Unable to connect to the database.
Main connection [MySQLi]: No connection could be made because the target machine actively refused it
in SYSTEMPATH\Database\BaseConnection.php on line 418.
 1 SYSTEMPATH\Database\BaseConnection.php(561): CodeIgniter\Database\BaseConnection->initialize()
 2 SYSTEMPATH\Database\BaseBuilder.php(1585): CodeIgniter\Database\BaseConnection->query('SELECT *
FROM `pegawai`
WHERE `email` = :email:
 LIMIT 1', [...], false)
 3 SYSTEMPATH\Model.php(250): CodeIgniter\Database\BaseBuilder->get()
 4 SYSTEMPATH\BaseModel.php(623): CodeIgniter\Model->doFirst()
 5 APPPATH\Controllers\PegawaiController.php(20): CodeIgniter\BaseModel->first()
 6 SYSTEMPATH\CodeIgniter.php(927): App\Controllers\PegawaiController->login()
 7 SYSTEMPATH\CodeIgniter.php(482): CodeIgniter\CodeIgniter->runController(Object(App\Controllers\PegawaiController))
 8 SYSTEMPATH\CodeIgniter.php(351): CodeIgniter\CodeIgniter->handleRequest(null, Object(Config\Cache), false)
 9 FCPATH\index.php(67): CodeIgniter\CodeIgniter->run()
10 SYSTEMPATH\Commands\Server\rewrite.php(46): require_once('FCPATH\\index.php')
ERROR - 2022-11-09 08:24:43 --> Error connecting to the database: mysqli_sql_exception: No connection could be made because the target machine actively refused it in C:\Users\vbona\wp2\SistemInformasiSekolah-1\vendor\codeigniter4\framework\system\Database\MySQLi\Connection.php:171
Stack trace:
#0 C:\Users\vbona\wp2\SistemInformasiSekolah-1\vendor\codeigniter4\framework\system\Database\MySQLi\Connection.php(171): mysqli->real_connect('localhost', 'root', '', 'SIS', 3306, '', 0)
#1 C:\Users\vbona\wp2\SistemInformasiSekolah-1\vendor\codeigniter4\framework\system\Database\BaseConnection.php(382): CodeIgniter\Database\MySQLi\Connection->connect(false)
#2 C:\Users\vbona\wp2\SistemInformasiSekolah-1\vendor\codeigniter4\framework\system\Database\BaseConnection.php(561): CodeIgniter\Database\BaseConnection->initialize()
#3 C:\Users\vbona\wp2\SistemInformasiSekolah-1\vendor\codeigniter4\framework\system\Database\BaseBuilder.php(1585): CodeIgniter\Database\BaseConnection->query('SELECT *\nFROM `...', Array, false)
#4 C:\Users\vbona\wp2\SistemInformasiSekolah-1\vendor\codeigniter4\framework\system\Model.php(250): CodeIgniter\Database\BaseBuilder->get()
#5 C:\Users\vbona\wp2\SistemInformasiSekolah-1\vendor\codeigniter4\framework\system\BaseModel.php(623): CodeIgniter\Model->doFirst()
#6 C:\Users\vbona\wp2\SistemInformasiSekolah-1\app\Controllers\PegawaiController.php(20): CodeIgniter\BaseModel->first()
#7 C:\Users\vbona\wp2\SistemInformasiSekolah-1\vendor\codeigniter4\framework\system\CodeIgniter.php(927): App\Controllers\PegawaiController->login()
#8 C:\Users\vbona\wp2\SistemInformasiSekolah-1\vendor\codeigniter4\framework\system\CodeIgniter.php(482): CodeIgniter\CodeIgniter->runController(Object(App\Controllers\PegawaiController))
#9 C:\Users\vbona\wp2\SistemInformasiSekolah-1\vendor\codeigniter4\framework\system\CodeIgniter.php(351): CodeIgniter\CodeIgniter->handleRequest(NULL, Object(Config\Cache), false)
#10 C:\Users\vbona\wp2\SistemInformasiSekolah-1\public\index.php(67): CodeIgniter\CodeIgniter->run()
#11 C:\Users\vbona\wp2\SistemInformasiSekolah-1\vendor\codeigniter4\framework\system\Commands\Server\rewrite.php(46): require_once('C:\\Users\\vbona\\...')
#12 {main}

Next CodeIgniter\Database\Exceptions\DatabaseException: No connection could be made because the target machine actively refused it in C:\Users\vbona\wp2\SistemInformasiSekolah-1\vendor\codeigniter4\framework\system\Database\MySQLi\Connection.php:215
Stack trace:
#0 C:\Users\vbona\wp2\SistemInformasiSekolah-1\vendor\codeigniter4\framework\system\Database\BaseConnection.php(382): CodeIgniter\Database\MySQLi\Connection->connect(false)
#1 C:\Users\vbona\wp2\SistemInformasiSekolah-1\vendor\codeigniter4\framework\system\Database\BaseConnection.php(561): CodeIgniter\Database\BaseConnection->initialize()
#2 C:\Users\vbona\wp2\SistemInformasiSekolah-1\vendor\codeigniter4\framework\system\Database\BaseBuilder.php(1585): CodeIgniter\Database\BaseConnection->query('SELECT *\nFROM `...', Array, false)
#3 C:\Users\vbona\wp2\SistemInformasiSekolah-1\vendor\codeigniter4\framework\system\Model.php(250): CodeIgniter\Database\BaseBuilder->get()
#4 C:\Users\vbona\wp2\SistemInformasiSekolah-1\vendor\codeigniter4\framework\system\BaseModel.php(623): CodeIgniter\Model->doFirst()
#5 C:\Users\vbona\wp2\SistemInformasiSekolah-1\app\Controllers\PegawaiController.php(20): CodeIgniter\BaseModel->first()
#6 C:\Users\vbona\wp2\SistemInformasiSekolah-1\vendor\codeigniter4\framework\system\CodeIgniter.php(927): App\Controllers\PegawaiController->login()
#7 C:\Users\vbona\wp2\SistemInformasiSekolah-1\vendor\codeigniter4\framework\system\CodeIgniter.php(482): CodeIgniter\CodeIgniter->runController(Object(App\Controllers\PegawaiController))
#8 C:\Users\vbona\wp2\SistemInformasiSekolah-1\vendor\codeigniter4\framework\system\CodeIgniter.php(351): CodeIgniter\CodeIgniter->handleRequest(NULL, Object(Config\Cache), false)
#9 C:\Users\vbona\wp2\SistemInformasiSekolah-1\public\index.php(67): CodeIgniter\CodeIgniter->run()
#10 C:\Users\vbona\wp2\SistemInformasiSekolah-1\vendor\codeigniter4\framework\system\Commands\Server\rewrite.php(46): require_once('C:\\Users\\vbona\\...')
#11 {main}
CRITICAL - 2022-11-09 08:24:43 --> Unable to connect to the database.
Main connection [MySQLi]: No connection could be made because the target machine actively refused it
in SYSTEMPATH\Database\BaseConnection.php on line 418.
 1 SYSTEMPATH\Database\BaseConnection.php(561): CodeIgniter\Database\BaseConnection->initialize()
 2 SYSTEMPATH\Database\BaseBuilder.php(1585): CodeIgniter\Database\BaseConnection->query('SELECT *
FROM `pegawai`
WHERE `email` = :email:
 LIMIT 1', [...], false)
 3 SYSTEMPATH\Model.php(250): CodeIgniter\Database\BaseBuilder->get()
 4 SYSTEMPATH\BaseModel.php(623): CodeIgniter\Model->doFirst()
 5 APPPATH\Controllers\PegawaiController.php(20): CodeIgniter\BaseModel->first()
 6 SYSTEMPATH\CodeIgniter.php(927): App\Controllers\PegawaiController->login()
 7 SYSTEMPATH\CodeIgniter.php(482): CodeIgniter\CodeIgniter->runController(Object(App\Controllers\PegawaiController))
 8 SYSTEMPATH\CodeIgniter.php(351): CodeIgniter\CodeIgniter->handleRequest(null, Object(Config\Cache), false)
 9 FCPATH\index.php(67): CodeIgniter\CodeIgniter->run()
10 SYSTEMPATH\Commands\Server\rewrite.php(46): require_once('FCPATH\\index.php')
