ERROR - 2022-11-16 01:18:29 --> Error connecting to the database: mysqli_sql_exception: No connection could be made because the target machine actively refused it in C:\Users\System SYS\wp2\SistemInformasiSekolah-1\vendor\codeigniter4\framework\system\Database\MySQLi\Connection.php:171
Stack trace:
#0 C:\Users\System SYS\wp2\SistemInformasiSekolah-1\vendor\codeigniter4\framework\system\Database\MySQLi\Connection.php(171): mysqli->real_connect('localhost', 'root', '', 'SIS', 3306, '', 0)
#1 C:\Users\System SYS\wp2\SistemInformasiSekolah-1\vendor\codeigniter4\framework\system\Database\BaseConnection.php(382): CodeIgniter\Database\MySQLi\Connection->connect(false)
#2 C:\Users\System SYS\wp2\SistemInformasiSekolah-1\vendor\codeigniter4\framework\system\Database\BaseConnection.php(561): CodeIgniter\Database\BaseConnection->initialize()
#3 C:\Users\System SYS\wp2\SistemInformasiSekolah-1\vendor\codeigniter4\framework\system\Database\BaseBuilder.php(1585): CodeIgniter\Database\BaseConnection->query('SELECT *\nFROM `...', Array, false)
#4 C:\Users\System SYS\wp2\SistemInformasiSekolah-1\vendor\codeigniter4\framework\system\Model.php(250): CodeIgniter\Database\BaseBuilder->get()
#5 C:\Users\System SYS\wp2\SistemInformasiSekolah-1\vendor\codeigniter4\framework\system\BaseModel.php(623): CodeIgniter\Model->doFirst()
#6 C:\Users\System SYS\wp2\SistemInformasiSekolah-1\app\Controllers\PegawaiController.php(20): CodeIgniter\BaseModel->first()
#7 C:\Users\System SYS\wp2\SistemInformasiSekolah-1\vendor\codeigniter4\framework\system\CodeIgniter.php(927): App\Controllers\PegawaiController->login()
#8 C:\Users\System SYS\wp2\SistemInformasiSekolah-1\vendor\codeigniter4\framework\system\CodeIgniter.php(482): CodeIgniter\CodeIgniter->runController(Object(App\Controllers\PegawaiController))
#9 C:\Users\System SYS\wp2\SistemInformasiSekolah-1\vendor\codeigniter4\framework\system\CodeIgniter.php(351): CodeIgniter\CodeIgniter->handleRequest(NULL, Object(Config\Cache), false)
#10 C:\Users\System SYS\wp2\SistemInformasiSekolah-1\public\index.php(67): CodeIgniter\CodeIgniter->run()
#11 C:\Users\System SYS\wp2\SistemInformasiSekolah-1\vendor\codeigniter4\framework\system\Commands\Server\rewrite.php(46): require_once('C:\\Users\\System...')
#12 {main}

Next CodeIgniter\Database\Exceptions\DatabaseException: No connection could be made because the target machine actively refused it in C:\Users\System SYS\wp2\SistemInformasiSekolah-1\vendor\codeigniter4\framework\system\Database\MySQLi\Connection.php:215
Stack trace:
#0 C:\Users\System SYS\wp2\SistemInformasiSekolah-1\vendor\codeigniter4\framework\system\Database\BaseConnection.php(382): CodeIgniter\Database\MySQLi\Connection->connect(false)
#1 C:\Users\System SYS\wp2\SistemInformasiSekolah-1\vendor\codeigniter4\framework\system\Database\BaseConnection.php(561): CodeIgniter\Database\BaseConnection->initialize()
#2 C:\Users\System SYS\wp2\SistemInformasiSekolah-1\vendor\codeigniter4\framework\system\Database\BaseBuilder.php(1585): CodeIgniter\Database\BaseConnection->query('SELECT *\nFROM `...', Array, false)
#3 C:\Users\System SYS\wp2\SistemInformasiSekolah-1\vendor\codeigniter4\framework\system\Model.php(250): CodeIgniter\Database\BaseBuilder->get()
#4 C:\Users\System SYS\wp2\SistemInformasiSekolah-1\vendor\codeigniter4\framework\system\BaseModel.php(623): CodeIgniter\Model->doFirst()
#5 C:\Users\System SYS\wp2\SistemInformasiSekolah-1\app\Controllers\PegawaiController.php(20): CodeIgniter\BaseModel->first()
#6 C:\Users\System SYS\wp2\SistemInformasiSekolah-1\vendor\codeigniter4\framework\system\CodeIgniter.php(927): App\Controllers\PegawaiController->login()
#7 C:\Users\System SYS\wp2\SistemInformasiSekolah-1\vendor\codeigniter4\framework\system\CodeIgniter.php(482): CodeIgniter\CodeIgniter->runController(Object(App\Controllers\PegawaiController))
#8 C:\Users\System SYS\wp2\SistemInformasiSekolah-1\vendor\codeigniter4\framework\system\CodeIgniter.php(351): CodeIgniter\CodeIgniter->handleRequest(NULL, Object(Config\Cache), false)
#9 C:\Users\System SYS\wp2\SistemInformasiSekolah-1\public\index.php(67): CodeIgniter\CodeIgniter->run()
#10 C:\Users\System SYS\wp2\SistemInformasiSekolah-1\vendor\codeigniter4\framework\system\Commands\Server\rewrite.php(46): require_once('C:\\Users\\System...')
#11 {main}
CRITICAL - 2022-11-16 01:18:29 --> Unable to connect to the database.
Main connection [MySQLi]: No connection could be made because the target machine actively refused it
in SYSTEMPATH\Database\BaseConnection.php on line 418.
 1 SYSTEMPATH\Database\BaseConnection.php(561): CodeIgniter\Database\BaseConnection->initialize()
 2 SYSTEMPATH\Database\BaseBuilder.php(1585): CodeIgniter\Database\BaseConnection->query('SELECT *
FROM `pegawai`
WHERE `email` = :email:
 LIMIT 1', [...], false)
 3 SYSTEMPATH\Model.php(250): CodeIgniter\Database\BaseBuilder->get()
 4 SYSTEMPATH\BaseModel.php(623): CodeIgniter\Model->doFirst()
 5 APPPATH\Controllers\PegawaiController.php(20): CodeIgniter\BaseModel->first()
 6 SYSTEMPATH\CodeIgniter.php(927): App\Controllers\PegawaiController->login()
 7 SYSTEMPATH\CodeIgniter.php(482): CodeIgniter\CodeIgniter->runController(Object(App\Controllers\PegawaiController))
 8 SYSTEMPATH\CodeIgniter.php(351): CodeIgniter\CodeIgniter->handleRequest(null, Object(Config\Cache), false)
 9 FCPATH\index.php(67): CodeIgniter\CodeIgniter->run()
10 SYSTEMPATH\Commands\Server\rewrite.php(46): require_once('FCPATH\\index.php')
CRITICAL - 2022-11-16 11:43:52 --> Class "Locale" not found
in SYSTEMPATH\CodeIgniter.php on line 186.
 1 ROOTPATH\spark(83): CodeIgniter\CodeIgniter->initialize()
ERROR - 2022-11-16 04:45:20 --> Error connecting to the database: mysqli_sql_exception: Unknown database 'sis' in C:\Users\System SYS\wp2\SistemInformasiSekolah-1\vendor\codeigniter4\framework\system\Database\MySQLi\Connection.php:171
Stack trace:
#0 C:\Users\System SYS\wp2\SistemInformasiSekolah-1\vendor\codeigniter4\framework\system\Database\MySQLi\Connection.php(171): mysqli->real_connect('localhost', 'root', '', 'SIS', 3306, '', 0)
#1 C:\Users\System SYS\wp2\SistemInformasiSekolah-1\vendor\codeigniter4\framework\system\Database\BaseConnection.php(382): CodeIgniter\Database\MySQLi\Connection->connect(false)
#2 C:\Users\System SYS\wp2\SistemInformasiSekolah-1\vendor\codeigniter4\framework\system\Database\BaseConnection.php(561): CodeIgniter\Database\BaseConnection->initialize()
#3 C:\Users\System SYS\wp2\SistemInformasiSekolah-1\vendor\codeigniter4\framework\system\Database\BaseBuilder.php(1585): CodeIgniter\Database\BaseConnection->query('SELECT *\nFROM `...', Array, false)
#4 C:\Users\System SYS\wp2\SistemInformasiSekolah-1\vendor\codeigniter4\framework\system\Model.php(250): CodeIgniter\Database\BaseBuilder->get()
#5 C:\Users\System SYS\wp2\SistemInformasiSekolah-1\vendor\codeigniter4\framework\system\BaseModel.php(623): CodeIgniter\Model->doFirst()
#6 C:\Users\System SYS\wp2\SistemInformasiSekolah-1\app\Controllers\PegawaiController.php(20): CodeIgniter\BaseModel->first()
#7 C:\Users\System SYS\wp2\SistemInformasiSekolah-1\vendor\codeigniter4\framework\system\CodeIgniter.php(927): App\Controllers\PegawaiController->login()
#8 C:\Users\System SYS\wp2\SistemInformasiSekolah-1\vendor\codeigniter4\framework\system\CodeIgniter.php(482): CodeIgniter\CodeIgniter->runController(Object(App\Controllers\PegawaiController))
#9 C:\Users\System SYS\wp2\SistemInformasiSekolah-1\vendor\codeigniter4\framework\system\CodeIgniter.php(351): CodeIgniter\CodeIgniter->handleRequest(NULL, Object(Config\Cache), false)
#10 C:\Users\System SYS\wp2\SistemInformasiSekolah-1\public\index.php(67): CodeIgniter\CodeIgniter->run()
#11 C:\Users\System SYS\wp2\SistemInformasiSekolah-1\vendor\codeigniter4\framework\system\Commands\Server\rewrite.php(46): require_once('C:\\Users\\System...')
#12 {main}

Next CodeIgniter\Database\Exceptions\DatabaseException: Unknown database 'sis' in C:\Users\System SYS\wp2\SistemInformasiSekolah-1\vendor\codeigniter4\framework\system\Database\MySQLi\Connection.php:215
Stack trace:
#0 C:\Users\System SYS\wp2\SistemInformasiSekolah-1\vendor\codeigniter4\framework\system\Database\BaseConnection.php(382): CodeIgniter\Database\MySQLi\Connection->connect(false)
#1 C:\Users\System SYS\wp2\SistemInformasiSekolah-1\vendor\codeigniter4\framework\system\Database\BaseConnection.php(561): CodeIgniter\Database\BaseConnection->initialize()
#2 C:\Users\System SYS\wp2\SistemInformasiSekolah-1\vendor\codeigniter4\framework\system\Database\BaseBuilder.php(1585): CodeIgniter\Database\BaseConnection->query('SELECT *\nFROM `...', Array, false)
#3 C:\Users\System SYS\wp2\SistemInformasiSekolah-1\vendor\codeigniter4\framework\system\Model.php(250): CodeIgniter\Database\BaseBuilder->get()
#4 C:\Users\System SYS\wp2\SistemInformasiSekolah-1\vendor\codeigniter4\framework\system\BaseModel.php(623): CodeIgniter\Model->doFirst()
#5 C:\Users\System SYS\wp2\SistemInformasiSekolah-1\app\Controllers\PegawaiController.php(20): CodeIgniter\BaseModel->first()
#6 C:\Users\System SYS\wp2\SistemInformasiSekolah-1\vendor\codeigniter4\framework\system\CodeIgniter.php(927): App\Controllers\PegawaiController->login()
#7 C:\Users\System SYS\wp2\SistemInformasiSekolah-1\vendor\codeigniter4\framework\system\CodeIgniter.php(482): CodeIgniter\CodeIgniter->runController(Object(App\Controllers\PegawaiController))
#8 C:\Users\System SYS\wp2\SistemInformasiSekolah-1\vendor\codeigniter4\framework\system\CodeIgniter.php(351): CodeIgniter\CodeIgniter->handleRequest(NULL, Object(Config\Cache), false)
#9 C:\Users\System SYS\wp2\SistemInformasiSekolah-1\public\index.php(67): CodeIgniter\CodeIgniter->run()
#10 C:\Users\System SYS\wp2\SistemInformasiSekolah-1\vendor\codeigniter4\framework\system\Commands\Server\rewrite.php(46): require_once('C:\\Users\\System...')
#11 {main}
CRITICAL - 2022-11-16 04:45:20 --> Unable to connect to the database.
Main connection [MySQLi]: Unknown database 'sis'
in SYSTEMPATH\Database\BaseConnection.php on line 418.
 1 SYSTEMPATH\Database\BaseConnection.php(561): CodeIgniter\Database\BaseConnection->initialize()
 2 SYSTEMPATH\Database\BaseBuilder.php(1585): CodeIgniter\Database\BaseConnection->query('SELECT *
FROM `pegawai`
WHERE `email` = :email:
 LIMIT 1', [...], false)
 3 SYSTEMPATH\Model.php(250): CodeIgniter\Database\BaseBuilder->get()
 4 SYSTEMPATH\BaseModel.php(623): CodeIgniter\Model->doFirst()
 5 APPPATH\Controllers\PegawaiController.php(20): CodeIgniter\BaseModel->first()
 6 SYSTEMPATH\CodeIgniter.php(927): App\Controllers\PegawaiController->login()
 7 SYSTEMPATH\CodeIgniter.php(482): CodeIgniter\CodeIgniter->runController(Object(App\Controllers\PegawaiController))
 8 SYSTEMPATH\CodeIgniter.php(351): CodeIgniter\CodeIgniter->handleRequest(null, Object(Config\Cache), false)
 9 FCPATH\index.php(67): CodeIgniter\CodeIgniter->run()
10 SYSTEMPATH\Commands\Server\rewrite.php(46): require_once('FCPATH\\index.php')
ERROR - 2022-11-16 04:45:24 --> Error connecting to the database: mysqli_sql_exception: Unknown database 'sis' in C:\Users\System SYS\wp2\SistemInformasiSekolah-1\vendor\codeigniter4\framework\system\Database\MySQLi\Connection.php:171
Stack trace:
#0 C:\Users\System SYS\wp2\SistemInformasiSekolah-1\vendor\codeigniter4\framework\system\Database\MySQLi\Connection.php(171): mysqli->real_connect('localhost', 'root', '', 'SIS', 3306, '', 0)
#1 C:\Users\System SYS\wp2\SistemInformasiSekolah-1\vendor\codeigniter4\framework\system\Database\BaseConnection.php(382): CodeIgniter\Database\MySQLi\Connection->connect(false)
#2 C:\Users\System SYS\wp2\SistemInformasiSekolah-1\vendor\codeigniter4\framework\system\Database\BaseConnection.php(561): CodeIgniter\Database\BaseConnection->initialize()
#3 C:\Users\System SYS\wp2\SistemInformasiSekolah-1\vendor\codeigniter4\framework\system\Database\BaseBuilder.php(1585): CodeIgniter\Database\BaseConnection->query('SELECT *\nFROM `...', Array, false)
#4 C:\Users\System SYS\wp2\SistemInformasiSekolah-1\vendor\codeigniter4\framework\system\Model.php(250): CodeIgniter\Database\BaseBuilder->get()
#5 C:\Users\System SYS\wp2\SistemInformasiSekolah-1\vendor\codeigniter4\framework\system\BaseModel.php(623): CodeIgniter\Model->doFirst()
#6 C:\Users\System SYS\wp2\SistemInformasiSekolah-1\app\Controllers\PegawaiController.php(20): CodeIgniter\BaseModel->first()
#7 C:\Users\System SYS\wp2\SistemInformasiSekolah-1\vendor\codeigniter4\framework\system\CodeIgniter.php(927): App\Controllers\PegawaiController->login()
#8 C:\Users\System SYS\wp2\SistemInformasiSekolah-1\vendor\codeigniter4\framework\system\CodeIgniter.php(482): CodeIgniter\CodeIgniter->runController(Object(App\Controllers\PegawaiController))
#9 C:\Users\System SYS\wp2\SistemInformasiSekolah-1\vendor\codeigniter4\framework\system\CodeIgniter.php(351): CodeIgniter\CodeIgniter->handleRequest(NULL, Object(Config\Cache), false)
#10 C:\Users\System SYS\wp2\SistemInformasiSekolah-1\public\index.php(67): CodeIgniter\CodeIgniter->run()
#11 C:\Users\System SYS\wp2\SistemInformasiSekolah-1\vendor\codeigniter4\framework\system\Commands\Server\rewrite.php(46): require_once('C:\\Users\\System...')
#12 {main}

Next CodeIgniter\Database\Exceptions\DatabaseException: Unknown database 'sis' in C:\Users\System SYS\wp2\SistemInformasiSekolah-1\vendor\codeigniter4\framework\system\Database\MySQLi\Connection.php:215
Stack trace:
#0 C:\Users\System SYS\wp2\SistemInformasiSekolah-1\vendor\codeigniter4\framework\system\Database\BaseConnection.php(382): CodeIgniter\Database\MySQLi\Connection->connect(false)
#1 C:\Users\System SYS\wp2\SistemInformasiSekolah-1\vendor\codeigniter4\framework\system\Database\BaseConnection.php(561): CodeIgniter\Database\BaseConnection->initialize()
#2 C:\Users\System SYS\wp2\SistemInformasiSekolah-1\vendor\codeigniter4\framework\system\Database\BaseBuilder.php(1585): CodeIgniter\Database\BaseConnection->query('SELECT *\nFROM `...', Array, false)
#3 C:\Users\System SYS\wp2\SistemInformasiSekolah-1\vendor\codeigniter4\framework\system\Model.php(250): CodeIgniter\Database\BaseBuilder->get()
#4 C:\Users\System SYS\wp2\SistemInformasiSekolah-1\vendor\codeigniter4\framework\system\BaseModel.php(623): CodeIgniter\Model->doFirst()
#5 C:\Users\System SYS\wp2\SistemInformasiSekolah-1\app\Controllers\PegawaiController.php(20): CodeIgniter\BaseModel->first()
#6 C:\Users\System SYS\wp2\SistemInformasiSekolah-1\vendor\codeigniter4\framework\system\CodeIgniter.php(927): App\Controllers\PegawaiController->login()
#7 C:\Users\System SYS\wp2\SistemInformasiSekolah-1\vendor\codeigniter4\framework\system\CodeIgniter.php(482): CodeIgniter\CodeIgniter->runController(Object(App\Controllers\PegawaiController))
#8 C:\Users\System SYS\wp2\SistemInformasiSekolah-1\vendor\codeigniter4\framework\system\CodeIgniter.php(351): CodeIgniter\CodeIgniter->handleRequest(NULL, Object(Config\Cache), false)
#9 C:\Users\System SYS\wp2\SistemInformasiSekolah-1\public\index.php(67): CodeIgniter\CodeIgniter->run()
#10 C:\Users\System SYS\wp2\SistemInformasiSekolah-1\vendor\codeigniter4\framework\system\Commands\Server\rewrite.php(46): require_once('C:\\Users\\System...')
#11 {main}
CRITICAL - 2022-11-16 04:45:24 --> Unable to connect to the database.
Main connection [MySQLi]: Unknown database 'sis'
in SYSTEMPATH\Database\BaseConnection.php on line 418.
 1 SYSTEMPATH\Database\BaseConnection.php(561): CodeIgniter\Database\BaseConnection->initialize()
 2 SYSTEMPATH\Database\BaseBuilder.php(1585): CodeIgniter\Database\BaseConnection->query('SELECT *
FROM `pegawai`
WHERE `email` = :email:
 LIMIT 1', [...], false)
 3 SYSTEMPATH\Model.php(250): CodeIgniter\Database\BaseBuilder->get()
 4 SYSTEMPATH\BaseModel.php(623): CodeIgniter\Model->doFirst()
 5 APPPATH\Controllers\PegawaiController.php(20): CodeIgniter\BaseModel->first()
 6 SYSTEMPATH\CodeIgniter.php(927): App\Controllers\PegawaiController->login()
 7 SYSTEMPATH\CodeIgniter.php(482): CodeIgniter\CodeIgniter->runController(Object(App\Controllers\PegawaiController))
 8 SYSTEMPATH\CodeIgniter.php(351): CodeIgniter\CodeIgniter->handleRequest(null, Object(Config\Cache), false)
 9 FCPATH\index.php(67): CodeIgniter\CodeIgniter->run()
10 SYSTEMPATH\Commands\Server\rewrite.php(46): require_once('FCPATH\\index.php')
CRITICAL - 2022-11-16 06:20:38 --> View themes, no current section.
in SYSTEMPATH\View\View.php on line 394.
 1 APPPATH\Views\backend\login.php(74): CodeIgniter\View\View->endSection()
 2 SYSTEMPATH\View\View.php(213): include('APPPATH\\Views\\backend\\login.php')
 3 SYSTEMPATH\View\View.php(216): CodeIgniter\View\View->CodeIgniter\View\{closure}()
 4 SYSTEMPATH\Common.php(1134): CodeIgniter\View\View->render('backend/login', [], true)
 5 APPPATH\Controllers\PegawaiController.php(39): view('backend/login')
 6 SYSTEMPATH\CodeIgniter.php(927): App\Controllers\PegawaiController->viewLogin()
 7 SYSTEMPATH\CodeIgniter.php(482): CodeIgniter\CodeIgniter->runController(Object(App\Controllers\PegawaiController))
 8 SYSTEMPATH\CodeIgniter.php(351): CodeIgniter\CodeIgniter->handleRequest(null, Object(Config\Cache), false)
 9 FCPATH\index.php(67): CodeIgniter\CodeIgniter->run()
10 SYSTEMPATH\Commands\Server\rewrite.php(46): require_once('FCPATH\\index.php')
CRITICAL - 2022-11-16 06:21:17 --> Invalid file: .php
in SYSTEMPATH\Exceptions\FrameworkException.php on line 33.
 1 SYSTEMPATH\View\View.php(201): CodeIgniter\Exceptions\FrameworkException::forInvalidFile('.php')
 2 SYSTEMPATH\View\View.php(229): CodeIgniter\View\View->render('ROOTPATH\\public', [], true)
 3 SYSTEMPATH\Common.php(1134): CodeIgniter\View\View->render('backend/login', [], true)
 4 APPPATH\Controllers\PegawaiController.php(39): view('backend/login')
 5 SYSTEMPATH\CodeIgniter.php(927): App\Controllers\PegawaiController->viewLogin()
 6 SYSTEMPATH\CodeIgniter.php(482): CodeIgniter\CodeIgniter->runController(Object(App\Controllers\PegawaiController))
 7 SYSTEMPATH\CodeIgniter.php(351): CodeIgniter\CodeIgniter->handleRequest(null, Object(Config\Cache), false)
 8 FCPATH\index.php(67): CodeIgniter\CodeIgniter->run()
 9 SYSTEMPATH\Commands\Server\rewrite.php(46): require_once('FCPATH\\index.php')
CRITICAL - 2022-11-16 06:22:25 --> Maximum execution time of 60 seconds exceeded
in SYSTEMPATH\View\View.php on line 259.
 1 [internal function]: CodeIgniter\Debug\Exceptions->shutdownHandler()
CRITICAL - 2022-11-16 06:30:18 --> View themes, no current section.
in SYSTEMPATH\View\View.php on line 394.
 1 APPPATH\Views\backend\login.php(59): CodeIgniter\View\View->endSection()
 2 SYSTEMPATH\View\View.php(213): include('APPPATH\\Views\\backend\\login.php')
 3 SYSTEMPATH\View\View.php(216): CodeIgniter\View\View->CodeIgniter\View\{closure}()
 4 SYSTEMPATH\Common.php(1134): CodeIgniter\View\View->render('backend/login', [], true)
 5 APPPATH\Controllers\PegawaiController.php(39): view('backend/login')
 6 SYSTEMPATH\CodeIgniter.php(927): App\Controllers\PegawaiController->viewLogin()
 7 SYSTEMPATH\CodeIgniter.php(482): CodeIgniter\CodeIgniter->runController(Object(App\Controllers\PegawaiController))
 8 SYSTEMPATH\CodeIgniter.php(351): CodeIgniter\CodeIgniter->handleRequest(null, Object(Config\Cache), false)
 9 FCPATH\index.php(67): CodeIgniter\CodeIgniter->run()
10 SYSTEMPATH\Commands\Server\rewrite.php(46): require_once('FCPATH\\index.php')
CRITICAL - 2022-11-16 06:42:58 --> View themes, no current section.
in SYSTEMPATH\View\View.php on line 394.
 1 APPPATH\Views\backend\login.php(37): CodeIgniter\View\View->endSection()
 2 SYSTEMPATH\View\View.php(213): include('APPPATH\\Views\\backend\\login.php')
 3 SYSTEMPATH\View\View.php(216): CodeIgniter\View\View->CodeIgniter\View\{closure}()
 4 SYSTEMPATH\Common.php(1134): CodeIgniter\View\View->render('backend/login', [], true)
 5 APPPATH\Controllers\PegawaiController.php(39): view('backend/login')
 6 SYSTEMPATH\CodeIgniter.php(927): App\Controllers\PegawaiController->viewLogin()
 7 SYSTEMPATH\CodeIgniter.php(482): CodeIgniter\CodeIgniter->runController(Object(App\Controllers\PegawaiController))
 8 SYSTEMPATH\CodeIgniter.php(351): CodeIgniter\CodeIgniter->handleRequest(null, Object(Config\Cache), false)
 9 FCPATH\index.php(67): CodeIgniter\CodeIgniter->run()
10 SYSTEMPATH\Commands\Server\rewrite.php(46): require_once('FCPATH\\index.php')
CRITICAL - 2022-11-16 06:43:06 --> View themes, no current section.
in SYSTEMPATH\View\View.php on line 394.
 1 APPPATH\Views\backend\login.php(37): CodeIgniter\View\View->endSection()
 2 SYSTEMPATH\View\View.php(213): include('APPPATH\\Views\\backend\\login.php')
 3 SYSTEMPATH\View\View.php(216): CodeIgniter\View\View->CodeIgniter\View\{closure}()
 4 SYSTEMPATH\Common.php(1134): CodeIgniter\View\View->render('backend/login', [], true)
 5 APPPATH\Controllers\PegawaiController.php(39): view('backend/login')
 6 SYSTEMPATH\CodeIgniter.php(927): App\Controllers\PegawaiController->viewLogin()
 7 SYSTEMPATH\CodeIgniter.php(482): CodeIgniter\CodeIgniter->runController(Object(App\Controllers\PegawaiController))
 8 SYSTEMPATH\CodeIgniter.php(351): CodeIgniter\CodeIgniter->handleRequest(null, Object(Config\Cache), false)
 9 FCPATH\index.php(67): CodeIgniter\CodeIgniter->run()
10 SYSTEMPATH\Commands\Server\rewrite.php(46): require_once('FCPATH\\index.php')
CRITICAL - 2022-11-16 07:41:21 --> View themes, no current section.
in SYSTEMPATH\View\View.php on line 394.
 1 APPPATH\Views\backend\login.php(37): CodeIgniter\View\View->endSection()
 2 SYSTEMPATH\View\View.php(213): include('APPPATH\\Views\\backend\\login.php')
 3 SYSTEMPATH\View\View.php(216): CodeIgniter\View\View->CodeIgniter\View\{closure}()
 4 SYSTEMPATH\Common.php(1134): CodeIgniter\View\View->render('backend/login', [], true)
 5 APPPATH\Controllers\PegawaiController.php(39): view('backend/login')
 6 SYSTEMPATH\CodeIgniter.php(927): App\Controllers\PegawaiController->viewLogin()
 7 SYSTEMPATH\CodeIgniter.php(482): CodeIgniter\CodeIgniter->runController(Object(App\Controllers\PegawaiController))
 8 SYSTEMPATH\CodeIgniter.php(351): CodeIgniter\CodeIgniter->handleRequest(null, Object(Config\Cache), false)
 9 FCPATH\index.php(67): CodeIgniter\CodeIgniter->run()
10 SYSTEMPATH\Commands\Server\rewrite.php(46): require_once('FCPATH\\index.php')
CRITICAL - 2022-11-16 08:05:03 --> View themes, no current section.
in SYSTEMPATH\View\View.php on line 394.
 1 APPPATH\Views\backend\login.php(34): CodeIgniter\View\View->endSection()
 2 SYSTEMPATH\View\View.php(213): include('APPPATH\\Views\\backend\\login.php')
 3 SYSTEMPATH\View\View.php(216): CodeIgniter\View\View->CodeIgniter\View\{closure}()
 4 SYSTEMPATH\Common.php(1134): CodeIgniter\View\View->render('backend/login', [], true)
 5 APPPATH\Controllers\PegawaiController.php(39): view('backend/login')
 6 SYSTEMPATH\CodeIgniter.php(927): App\Controllers\PegawaiController->viewLogin()
 7 SYSTEMPATH\CodeIgniter.php(482): CodeIgniter\CodeIgniter->runController(Object(App\Controllers\PegawaiController))
 8 SYSTEMPATH\CodeIgniter.php(351): CodeIgniter\CodeIgniter->handleRequest(null, Object(Config\Cache), false)
 9 FCPATH\index.php(67): CodeIgniter\CodeIgniter->run()
10 SYSTEMPATH\Commands\Server\rewrite.php(46): require_once('FCPATH\\index.php')
CRITICAL - 2022-11-16 08:06:56 --> View themes, no current section.
in SYSTEMPATH\View\View.php on line 394.
 1 APPPATH\Views\backend\login.php(76): CodeIgniter\View\View->endSection()
 2 SYSTEMPATH\View\View.php(213): include('APPPATH\\Views\\backend\\login.php')
 3 SYSTEMPATH\View\View.php(216): CodeIgniter\View\View->CodeIgniter\View\{closure}()
 4 SYSTEMPATH\Common.php(1134): CodeIgniter\View\View->render('backend/login', [], true)
 5 APPPATH\Controllers\PegawaiController.php(39): view('backend/login')
 6 SYSTEMPATH\CodeIgniter.php(927): App\Controllers\PegawaiController->viewLogin()
 7 SYSTEMPATH\CodeIgniter.php(482): CodeIgniter\CodeIgniter->runController(Object(App\Controllers\PegawaiController))
 8 SYSTEMPATH\CodeIgniter.php(351): CodeIgniter\CodeIgniter->handleRequest(null, Object(Config\Cache), false)
 9 FCPATH\index.php(67): CodeIgniter\CodeIgniter->run()
10 SYSTEMPATH\Commands\Server\rewrite.php(46): require_once('FCPATH\\index.php')
CRITICAL - 2022-11-16 08:07:01 --> View themes, no current section.
in SYSTEMPATH\View\View.php on line 394.
 1 APPPATH\Views\backend\login.php(76): CodeIgniter\View\View->endSection()
 2 SYSTEMPATH\View\View.php(213): include('APPPATH\\Views\\backend\\login.php')
 3 SYSTEMPATH\View\View.php(216): CodeIgniter\View\View->CodeIgniter\View\{closure}()
 4 SYSTEMPATH\Common.php(1134): CodeIgniter\View\View->render('backend/login', [], true)
 5 APPPATH\Controllers\PegawaiController.php(39): view('backend/login')
 6 SYSTEMPATH\CodeIgniter.php(927): App\Controllers\PegawaiController->viewLogin()
 7 SYSTEMPATH\CodeIgniter.php(482): CodeIgniter\CodeIgniter->runController(Object(App\Controllers\PegawaiController))
 8 SYSTEMPATH\CodeIgniter.php(351): CodeIgniter\CodeIgniter->handleRequest(null, Object(Config\Cache), false)
 9 FCPATH\index.php(67): CodeIgniter\CodeIgniter->run()
10 SYSTEMPATH\Commands\Server\rewrite.php(46): require_once('FCPATH\\index.php')
CRITICAL - 2022-11-16 08:13:37 --> View themes, no current section.
in SYSTEMPATH\View\View.php on line 394.
 1 APPPATH\Views\backend\login.php(86): CodeIgniter\View\View->endSection()
 2 SYSTEMPATH\View\View.php(213): include('APPPATH\\Views\\backend\\login.php')
 3 SYSTEMPATH\View\View.php(216): CodeIgniter\View\View->CodeIgniter\View\{closure}()
 4 SYSTEMPATH\Common.php(1134): CodeIgniter\View\View->render('backend/login', [], true)
 5 APPPATH\Controllers\PegawaiController.php(39): view('backend/login')
 6 SYSTEMPATH\CodeIgniter.php(927): App\Controllers\PegawaiController->viewLogin()
 7 SYSTEMPATH\CodeIgniter.php(482): CodeIgniter\CodeIgniter->runController(Object(App\Controllers\PegawaiController))
 8 SYSTEMPATH\CodeIgniter.php(351): CodeIgniter\CodeIgniter->handleRequest(null, Object(Config\Cache), false)
 9 FCPATH\index.php(67): CodeIgniter\CodeIgniter->run()
10 SYSTEMPATH\Commands\Server\rewrite.php(46): require_once('FCPATH\\index.php')
CRITICAL - 2022-11-16 08:13:44 --> View themes, no current section.
in SYSTEMPATH\View\View.php on line 394.
 1 APPPATH\Views\backend\login.php(86): CodeIgniter\View\View->endSection()
 2 SYSTEMPATH\View\View.php(213): include('APPPATH\\Views\\backend\\login.php')
 3 SYSTEMPATH\View\View.php(216): CodeIgniter\View\View->CodeIgniter\View\{closure}()
 4 SYSTEMPATH\Common.php(1134): CodeIgniter\View\View->render('backend/login', [], true)
 5 APPPATH\Controllers\PegawaiController.php(39): view('backend/login')
 6 SYSTEMPATH\CodeIgniter.php(927): App\Controllers\PegawaiController->viewLogin()
 7 SYSTEMPATH\CodeIgniter.php(482): CodeIgniter\CodeIgniter->runController(Object(App\Controllers\PegawaiController))
 8 SYSTEMPATH\CodeIgniter.php(351): CodeIgniter\CodeIgniter->handleRequest(null, Object(Config\Cache), false)
 9 FCPATH\index.php(67): CodeIgniter\CodeIgniter->run()
10 SYSTEMPATH\Commands\Server\rewrite.php(46): require_once('FCPATH\\index.php')
CRITICAL - 2022-11-16 08:13:59 --> View themes, no current section.
in SYSTEMPATH\View\View.php on line 394.
 1 APPPATH\Views\backend\login.php(77): CodeIgniter\View\View->endSection()
 2 SYSTEMPATH\View\View.php(213): include('APPPATH\\Views\\backend\\login.php')
 3 SYSTEMPATH\View\View.php(216): CodeIgniter\View\View->CodeIgniter\View\{closure}()
 4 SYSTEMPATH\Common.php(1134): CodeIgniter\View\View->render('backend/login', [], true)
 5 APPPATH\Controllers\PegawaiController.php(39): view('backend/login')
 6 SYSTEMPATH\CodeIgniter.php(927): App\Controllers\PegawaiController->viewLogin()
 7 SYSTEMPATH\CodeIgniter.php(482): CodeIgniter\CodeIgniter->runController(Object(App\Controllers\PegawaiController))
 8 SYSTEMPATH\CodeIgniter.php(351): CodeIgniter\CodeIgniter->handleRequest(null, Object(Config\Cache), false)
 9 FCPATH\index.php(67): CodeIgniter\CodeIgniter->run()
10 SYSTEMPATH\Commands\Server\rewrite.php(46): require_once('FCPATH\\index.php')
CRITICAL - 2022-11-16 19:17:02 --> Class "Locale" not found
in SYSTEMPATH\CodeIgniter.php on line 186.
 1 ROOTPATH\spark(83): CodeIgniter\CodeIgniter->initialize()
