ERROR - 2022-12-02 08:18:53 --> Email: sendWithSmtp throwed ErrorException: fsockopen(): php_network_getaddresses: getaddrinfo for smtp.gmail.com failed: No such host is known.  in C:\Users\System SYS\wp2\SistemInformasiSekolah-1\vendor\codeigniter4\framework\system\Email\Email.php:1863
Stack trace:
#0 [internal function]: CodeIgniter\Debug\Exceptions->errorHandler(2, 'fsockopen(): ph...', 'C:\\Users\\System...', 1863)
#1 C:\Users\System SYS\wp2\SistemInformasiSekolah-1\vendor\codeigniter4\framework\system\Email\Email.php(1863): fsockopen('tls://smtp.gmai...', 465, NULL, NULL, 5)
#2 C:\Users\System SYS\wp2\SistemInformasiSekolah-1\vendor\codeigniter4\framework\system\Email\Email.php(1777): CodeIgniter\Email\Email->SMTPConnect()
#3 C:\Users\System SYS\wp2\SistemInformasiSekolah-1\vendor\codeigniter4\framework\system\Email\Email.php(1662): CodeIgniter\Email\Email->sendWithSmtp()
#4 C:\Users\System SYS\wp2\SistemInformasiSekolah-1\vendor\codeigniter4\framework\system\Email\Email.php(1560): CodeIgniter\Email\Email->spoolEmail()
#5 C:\Users\System SYS\wp2\SistemInformasiSekolah-1\tests\unit\EmailTest.php(19): CodeIgniter\Email\Email->send()
#6 C:\Users\System SYS\wp2\SistemInformasiSekolah-1\vendor\phpunit\phpunit\src\Framework\TestCase.php(1548): EmailTest->testKirimEmail()
#7 C:\Users\System SYS\wp2\SistemInformasiSekolah-1\vendor\phpunit\phpunit\src\Framework\TestCase.php(1154): PHPUnit\Framework\TestCase->runTest()
#8 C:\Users\System SYS\wp2\SistemInformasiSekolah-1\vendor\phpunit\phpunit\src\Framework\TestResult.php(728): PHPUnit\Framework\TestCase->runBare()
#9 C:\Users\System SYS\wp2\SistemInformasiSekolah-1\vendor\phpunit\phpunit\src\Framework\TestCase.php(904): PHPUnit\Framework\TestResult->run(Object(EmailTest))
#10 C:\Users\System SYS\wp2\SistemInformasiSekolah-1\vendor\phpunit\phpunit\src\Framework\TestSuite.php(673): PHPUnit\Framework\TestCase->run(Object(PHPUnit\Framework\TestResult))
#11 C:\Users\System SYS\wp2\SistemInformasiSekolah-1\vendor\phpunit\phpunit\src\Framework\TestSuite.php(673): PHPUnit\Framework\TestSuite->run(Object(PHPUnit\Framework\TestResult))
#12 C:\Users\System SYS\wp2\SistemInformasiSekolah-1\vendor\phpunit\phpunit\src\Framework\TestSuite.php(673): PHPUnit\Framework\TestSuite->run(Object(PHPUnit\Framework\TestResult))
#13 C:\Users\System SYS\wp2\SistemInformasiSekolah-1\vendor\phpunit\phpunit\src\TextUI\TestRunner.php(661): PHPUnit\Framework\TestSuite->run(Object(PHPUnit\Framework\TestResult))
#14 C:\Users\System SYS\wp2\SistemInformasiSekolah-1\vendor\phpunit\phpunit\src\TextUI\Command.php(144): PHPUnit\TextUI\TestRunner->run(Object(PHPUnit\Framework\TestSuite), Array, Array, true)
#15 C:\Users\System SYS\wp2\SistemInformasiSekolah-1\vendor\phpunit\phpunit\src\TextUI\Command.php(97): PHPUnit\TextUI\Command->run(Array, true)
#16 C:\Users\System SYS\wp2\SistemInformasiSekolah-1\vendor\phpunit\phpunit\phpunit(98): PHPUnit\TextUI\Command::main()
#17 C:\Users\System SYS\wp2\SistemInformasiSekolah-1\vendor\bin\phpunit(123): include('C:\\Users\\System...')
#18 {main}
ERROR - 2022-12-02 08:18:53 --> Email: Unable to send email using SMTP. Your server might not be configured to send mail using this method.
ERROR - 2022-12-02 08:18:53 --> 
ERROR - 2022-12-02 17:41:57 --> Error connecting to the database: mysqli_sql_exception: No connection could be made because the target machine actively refused it in C:\Users\System SYS\wp2\SistemInformasiSekolah-1\vendor\codeigniter4\framework\system\Database\MySQLi\Connection.php:171
Stack trace:
#0 C:\Users\System SYS\wp2\SistemInformasiSekolah-1\vendor\codeigniter4\framework\system\Database\MySQLi\Connection.php(171): mysqli->real_connect('localhost', 'root', '', 'SIS', 3306, '', 0)
#1 C:\Users\System SYS\wp2\SistemInformasiSekolah-1\vendor\codeigniter4\framework\system\Database\BaseConnection.php(382): CodeIgniter\Database\MySQLi\Connection->connect(false)
#2 C:\Users\System SYS\wp2\SistemInformasiSekolah-1\vendor\codeigniter4\framework\system\Database\BaseConnection.php(561): CodeIgniter\Database\BaseConnection->initialize()
#3 C:\Users\System SYS\wp2\SistemInformasiSekolah-1\vendor\codeigniter4\framework\system\Database\BaseBuilder.php(1585): CodeIgniter\Database\BaseConnection->query('SELECT *\nFROM `...', Array, false)
#4 C:\Users\System SYS\wp2\SistemInformasiSekolah-1\vendor\codeigniter4\framework\system\Model.php(250): CodeIgniter\Database\BaseBuilder->get()
#5 C:\Users\System SYS\wp2\SistemInformasiSekolah-1\vendor\codeigniter4\framework\system\BaseModel.php(623): CodeIgniter\Model->doFirst()
#6 C:\Users\System SYS\wp2\SistemInformasiSekolah-1\app\Controllers\PegawaiController.php(20): CodeIgniter\BaseModel->first()
#7 C:\Users\System SYS\wp2\SistemInformasiSekolah-1\vendor\codeigniter4\framework\system\CodeIgniter.php(927): App\Controllers\PegawaiController->login()
#8 C:\Users\System SYS\wp2\SistemInformasiSekolah-1\vendor\codeigniter4\framework\system\CodeIgniter.php(482): CodeIgniter\CodeIgniter->runController(Object(App\Controllers\PegawaiController))
#9 C:\Users\System SYS\wp2\SistemInformasiSekolah-1\vendor\codeigniter4\framework\system\CodeIgniter.php(351): CodeIgniter\CodeIgniter->handleRequest(Object(CodeIgniter\Router\RouteCollection), Object(Config\Cache), true)
#10 C:\Users\System SYS\wp2\SistemInformasiSekolah-1\vendor\codeigniter4\framework\system\Test\FeatureTestTrait.php(187): CodeIgniter\CodeIgniter->run(Object(CodeIgniter\Router\RouteCollection), true)
#11 C:\Users\System SYS\wp2\SistemInformasiSekolah-1\tests\unit\PegawaiTest.php(15): PegawaiTest->call('post', 'login', Array)
#12 C:\Users\System SYS\wp2\SistemInformasiSekolah-1\vendor\phpunit\phpunit\src\Framework\TestCase.php(1548): PegawaiTest->testLogin()
#13 C:\Users\System SYS\wp2\SistemInformasiSekolah-1\vendor\phpunit\phpunit\src\Framework\TestCase.php(1154): PHPUnit\Framework\TestCase->runTest()
#14 C:\Users\System SYS\wp2\SistemInformasiSekolah-1\vendor\phpunit\phpunit\src\Framework\TestResult.php(728): PHPUnit\Framework\TestCase->runBare()
#15 C:\Users\System SYS\wp2\SistemInformasiSekolah-1\vendor\phpunit\phpunit\src\Framework\TestCase.php(904): PHPUnit\Framework\TestResult->run(Object(PegawaiTest))
#16 C:\Users\System SYS\wp2\SistemInformasiSekolah-1\vendor\phpunit\phpunit\src\Framework\TestSuite.php(673): PHPUnit\Framework\TestCase->run(Object(PHPUnit\Framework\TestResult))
#17 C:\Users\System SYS\wp2\SistemInformasiSekolah-1\vendor\phpunit\phpunit\src\Framework\TestSuite.php(673): PHPUnit\Framework\TestSuite->run(Object(PHPUnit\Framework\TestResult))
#18 C:\Users\System SYS\wp2\SistemInformasiSekolah-1\vendor\phpunit\phpunit\src\Framework\TestSuite.php(673): PHPUnit\Framework\TestSuite->run(Object(PHPUnit\Framework\TestResult))
#19 C:\Users\System SYS\wp2\SistemInformasiSekolah-1\vendor\phpunit\phpunit\src\TextUI\TestRunner.php(661): PHPUnit\Framework\TestSuite->run(Object(PHPUnit\Framework\TestResult))
#20 C:\Users\System SYS\wp2\SistemInformasiSekolah-1\vendor\phpunit\phpunit\src\TextUI\Command.php(144): PHPUnit\TextUI\TestRunner->run(Object(PHPUnit\Framework\TestSuite), Array, Array, true)
#21 C:\Users\System SYS\wp2\SistemInformasiSekolah-1\vendor\phpunit\phpunit\src\TextUI\Command.php(97): PHPUnit\TextUI\Command->run(Array, true)
#22 C:\Users\System SYS\wp2\SistemInformasiSekolah-1\vendor\phpunit\phpunit\phpunit(98): PHPUnit\TextUI\Command::main()
#23 C:\Users\System SYS\wp2\SistemInformasiSekolah-1\vendor\bin\phpunit(123): include('C:\\Users\\System...')
#24 {main}

Next CodeIgniter\Database\Exceptions\DatabaseException: No connection could be made because the target machine actively refused it in C:\Users\System SYS\wp2\SistemInformasiSekolah-1\vendor\codeigniter4\framework\system\Database\MySQLi\Connection.php:215
Stack trace:
#0 C:\Users\System SYS\wp2\SistemInformasiSekolah-1\vendor\codeigniter4\framework\system\Database\BaseConnection.php(382): CodeIgniter\Database\MySQLi\Connection->connect(false)
#1 C:\Users\System SYS\wp2\SistemInformasiSekolah-1\vendor\codeigniter4\framework\system\Database\BaseConnection.php(561): CodeIgniter\Database\BaseConnection->initialize()
#2 C:\Users\System SYS\wp2\SistemInformasiSekolah-1\vendor\codeigniter4\framework\system\Database\BaseBuilder.php(1585): CodeIgniter\Database\BaseConnection->query('SELECT *\nFROM `...', Array, false)
#3 C:\Users\System SYS\wp2\SistemInformasiSekolah-1\vendor\codeigniter4\framework\system\Model.php(250): CodeIgniter\Database\BaseBuilder->get()
#4 C:\Users\System SYS\wp2\SistemInformasiSekolah-1\vendor\codeigniter4\framework\system\BaseModel.php(623): CodeIgniter\Model->doFirst()
#5 C:\Users\System SYS\wp2\SistemInformasiSekolah-1\app\Controllers\PegawaiController.php(20): CodeIgniter\BaseModel->first()
#6 C:\Users\System SYS\wp2\SistemInformasiSekolah-1\vendor\codeigniter4\framework\system\CodeIgniter.php(927): App\Controllers\PegawaiController->login()
#7 C:\Users\System SYS\wp2\SistemInformasiSekolah-1\vendor\codeigniter4\framework\system\CodeIgniter.php(482): CodeIgniter\CodeIgniter->runController(Object(App\Controllers\PegawaiController))
#8 C:\Users\System SYS\wp2\SistemInformasiSekolah-1\vendor\codeigniter4\framework\system\CodeIgniter.php(351): CodeIgniter\CodeIgniter->handleRequest(Object(CodeIgniter\Router\RouteCollection), Object(Config\Cache), true)
#9 C:\Users\System SYS\wp2\SistemInformasiSekolah-1\vendor\codeigniter4\framework\system\Test\FeatureTestTrait.php(187): CodeIgniter\CodeIgniter->run(Object(CodeIgniter\Router\RouteCollection), true)
#10 C:\Users\System SYS\wp2\SistemInformasiSekolah-1\tests\unit\PegawaiTest.php(15): PegawaiTest->call('post', 'login', Array)
#11 C:\Users\System SYS\wp2\SistemInformasiSekolah-1\vendor\phpunit\phpunit\src\Framework\TestCase.php(1548): PegawaiTest->testLogin()
#12 C:\Users\System SYS\wp2\SistemInformasiSekolah-1\vendor\phpunit\phpunit\src\Framework\TestCase.php(1154): PHPUnit\Framework\TestCase->runTest()
#13 C:\Users\System SYS\wp2\SistemInformasiSekolah-1\vendor\phpunit\phpunit\src\Framework\TestResult.php(728): PHPUnit\Framework\TestCase->runBare()
#14 C:\Users\System SYS\wp2\SistemInformasiSekolah-1\vendor\phpunit\phpunit\src\Framework\TestCase.php(904): PHPUnit\Framework\TestResult->run(Object(PegawaiTest))
#15 C:\Users\System SYS\wp2\SistemInformasiSekolah-1\vendor\phpunit\phpunit\src\Framework\TestSuite.php(673): PHPUnit\Framework\TestCase->run(Object(PHPUnit\Framework\TestResult))
#16 C:\Users\System SYS\wp2\SistemInformasiSekolah-1\vendor\phpunit\phpunit\src\Framework\TestSuite.php(673): PHPUnit\Framework\TestSuite->run(Object(PHPUnit\Framework\TestResult))
#17 C:\Users\System SYS\wp2\SistemInformasiSekolah-1\vendor\phpunit\phpunit\src\Framework\TestSuite.php(673): PHPUnit\Framework\TestSuite->run(Object(PHPUnit\Framework\TestResult))
#18 C:\Users\System SYS\wp2\SistemInformasiSekolah-1\vendor\phpunit\phpunit\src\TextUI\TestRunner.php(661): PHPUnit\Framework\TestSuite->run(Object(PHPUnit\Framework\TestResult))
#19 C:\Users\System SYS\wp2\SistemInformasiSekolah-1\vendor\phpunit\phpunit\src\TextUI\Command.php(144): PHPUnit\TextUI\TestRunner->run(Object(PHPUnit\Framework\TestSuite), Array, Array, true)
#20 C:\Users\System SYS\wp2\SistemInformasiSekolah-1\vendor\phpunit\phpunit\src\TextUI\Command.php(97): PHPUnit\TextUI\Command->run(Array, true)
#21 C:\Users\System SYS\wp2\SistemInformasiSekolah-1\vendor\phpunit\phpunit\phpunit(98): PHPUnit\TextUI\Command::main()
#22 C:\Users\System SYS\wp2\SistemInformasiSekolah-1\vendor\bin\phpunit(123): include('C:\\Users\\System...')
#23 {main}
