ERROR - 2023-06-23 17:47:46 --> mysqli_sql_exception: Duplicate entry '564543575' for key 'PRIMARY' in C:\Users\evano\Pictures\SistemInformasiSekolah\SistemInformasiSekolah-1\vendor\codeigniter4\framework\system\Database\MySQLi\Connection.php:292
Stack trace:
#0 C:\Users\evano\Pictures\SistemInformasiSekolah\SistemInformasiSekolah-1\vendor\codeigniter4\framework\system\Database\MySQLi\Connection.php(292): mysqli->query('INSERT INTO `pe...', 0)
#1 C:\Users\evano\Pictures\SistemInformasiSekolah\SistemInformasiSekolah-1\vendor\codeigniter4\framework\system\Database\BaseConnection.php(666): CodeIgniter\Database\MySQLi\Connection->execute('INSERT INTO `pe...')
#2 C:\Users\evano\Pictures\SistemInformasiSekolah\SistemInformasiSekolah-1\vendor\codeigniter4\framework\system\Database\BaseConnection.php(593): CodeIgniter\Database\BaseConnection->simpleQuery('INSERT INTO `pe...')
#3 C:\Users\evano\Pictures\SistemInformasiSekolah\SistemInformasiSekolah-1\vendor\codeigniter4\framework\system\Database\BaseBuilder.php(1916): CodeIgniter\Database\BaseConnection->query('INSERT INTO `pe...', Array, false)
#4 C:\Users\evano\Pictures\SistemInformasiSekolah\SistemInformasiSekolah-1\vendor\codeigniter4\framework\system\Model.php(279): CodeIgniter\Database\BaseBuilder->insert()
#5 C:\Users\evano\Pictures\SistemInformasiSekolah\SistemInformasiSekolah-1\vendor\codeigniter4\framework\system\BaseModel.php(749): CodeIgniter\Model->doInsert(Array)
#6 C:\Users\evano\Pictures\SistemInformasiSekolah\SistemInformasiSekolah-1\vendor\codeigniter4\framework\system\Model.php(667): CodeIgniter\BaseModel->insert(Array, true)
#7 C:\Users\evano\Pictures\SistemInformasiSekolah\SistemInformasiSekolah-1\app\Database\Seeds\PegawaiSeeder.php(12): CodeIgniter\Model->insert(Array)
#8 C:\Users\evano\Pictures\SistemInformasiSekolah\SistemInformasiSekolah-1\vendor\codeigniter4\framework\system\Database\Seeder.php(146): App\Database\Seeds\PegawaiSeeder->run()
#9 C:\Users\evano\Pictures\SistemInformasiSekolah\SistemInformasiSekolah-1\app\Database\Seeds\AllSeeder.php(12): CodeIgniter\Database\Seeder->call('App\\Database\\Se...')
#10 C:\Users\evano\Pictures\SistemInformasiSekolah\SistemInformasiSekolah-1\vendor\codeigniter4\framework\system\Database\Seeder.php(146): App\Database\Seeds\AllSeeder->run()
#11 C:\Users\evano\Pictures\SistemInformasiSekolah\SistemInformasiSekolah-1\vendor\codeigniter4\framework\system\Commands\Database\Seed.php(77): CodeIgniter\Database\Seeder->call('App\\Database\\Se...')
#12 C:\Users\evano\Pictures\SistemInformasiSekolah\SistemInformasiSekolah-1\vendor\codeigniter4\framework\system\CLI\Commands.php(63): CodeIgniter\Commands\Database\Seed->run(Array)
#13 C:\Users\evano\Pictures\SistemInformasiSekolah\SistemInformasiSekolah-1\vendor\codeigniter4\framework\system\CLI\CommandRunner.php(65): CodeIgniter\CLI\Commands->run('db:seed', Array)
#14 C:\Users\evano\Pictures\SistemInformasiSekolah\SistemInformasiSekolah-1\vendor\codeigniter4\framework\system\CLI\CommandRunner.php(51): CodeIgniter\CLI\CommandRunner->index(Array)
#15 C:\Users\evano\Pictures\SistemInformasiSekolah\SistemInformasiSekolah-1\vendor\codeigniter4\framework\system\CodeIgniter.php(920): CodeIgniter\CLI\CommandRunner->_remap('index', Array)
#16 C:\Users\evano\Pictures\SistemInformasiSekolah\SistemInformasiSekolah-1\vendor\codeigniter4\framework\system\CodeIgniter.php(482): CodeIgniter\CodeIgniter->runController(Object(CodeIgniter\CLI\CommandRunner))
#17 C:\Users\evano\Pictures\SistemInformasiSekolah\SistemInformasiSekolah-1\vendor\codeigniter4\framework\system\CodeIgniter.php(347): CodeIgniter\CodeIgniter->handleRequest(NULL, Object(Config\Cache), false)
#18 C:\Users\evano\Pictures\SistemInformasiSekolah\SistemInformasiSekolah-1\vendor\codeigniter4\framework\system\CLI\Console.php(48): CodeIgniter\CodeIgniter->run()
#19 C:\Users\evano\Pictures\SistemInformasiSekolah\SistemInformasiSekolah-1\spark(98): CodeIgniter\CLI\Console->run()
#20 {main}
CRITICAL - 2023-06-23 17:49:18 --> Creation of dynamic property CodeIgniter\Database\MySQLi\Builder::$table is deprecated
in APPPATH\Models\PegawaiModel.php on line 50.
 1 APPPATH\Models\PegawaiModel.php(50): CodeIgniter\Debug\Exceptions->errorHandler(8192, 'Creation of dynamic property CodeIgniter\\Database\\MySQLi\\Builder::$table is deprecated', 'APPPATH\\Models\\PegawaiModel.php', 50)
 2 APPPATH\Controllers\PegawaiController.php(96): App\Models\PegawaiModel::view()
 3 SYSTEMPATH\CodeIgniter.php(927): App\Controllers\PegawaiController->all()
 4 SYSTEMPATH\CodeIgniter.php(482): CodeIgniter\CodeIgniter->runController(Object(App\Controllers\PegawaiController))
 5 SYSTEMPATH\CodeIgniter.php(351): CodeIgniter\CodeIgniter->handleRequest(null, Object(Config\Cache), false)
 6 FCPATH\index.php(67): CodeIgniter\CodeIgniter->run()
 7 SYSTEMPATH\Commands\Server\rewrite.php(46): require_once('FCPATH\\index.php')
CRITICAL - 2023-06-23 17:49:24 --> Creation of dynamic property CodeIgniter\Database\MySQLi\Builder::$table is deprecated
in APPPATH\Models\JadwalModel.php on line 53.
 1 APPPATH\Models\JadwalModel.php(53): CodeIgniter\Debug\Exceptions->errorHandler(8192, 'Creation of dynamic property CodeIgniter\\Database\\MySQLi\\Builder::$table is deprecated', 'APPPATH\\Models\\JadwalModel.php', 53)
 2 APPPATH\Controllers\PJadwalController.php(28): App\Models\JadwalModel::view()
 3 SYSTEMPATH\CodeIgniter.php(927): App\Controllers\PJadwalController->all()
 4 SYSTEMPATH\CodeIgniter.php(482): CodeIgniter\CodeIgniter->runController(Object(App\Controllers\PJadwalController))
 5 SYSTEMPATH\CodeIgniter.php(351): CodeIgniter\CodeIgniter->handleRequest(null, Object(Config\Cache), false)
 6 FCPATH\index.php(67): CodeIgniter\CodeIgniter->run()
 7 SYSTEMPATH\Commands\Server\rewrite.php(46): require_once('FCPATH\\index.php')
CRITICAL - 2023-06-23 17:49:29 --> Creation of dynamic property Agoenxz21\Datatables\Datatable::$table is deprecated
in VENDORPATH\agoenxz21\datatables\src\Datatable.php on line 35.
 1 VENDORPATH\agoenxz21\datatables\src\Datatable.php(35): CodeIgniter\Debug\Exceptions->errorHandler(8192, 'Creation of dynamic property Agoenxz21\\Datatables\\Datatable::$table is deprecated', 'VENDORPATH\\agoenxz21\\datatables\\src\\Datatable.php', 35)
 2 APPPATH\Controllers\BagianController.php(22): Agoenxz21\Datatables\Datatable->__construct(Object(App\Models\BagianModel))
 3 SYSTEMPATH\CodeIgniter.php(927): App\Controllers\BagianController->all()
 4 SYSTEMPATH\CodeIgniter.php(482): CodeIgniter\CodeIgniter->runController(Object(App\Controllers\BagianController))
 5 SYSTEMPATH\CodeIgniter.php(351): CodeIgniter\CodeIgniter->handleRequest(null, Object(Config\Cache), false)
 6 FCPATH\index.php(67): CodeIgniter\CodeIgniter->run()
 7 SYSTEMPATH\Commands\Server\rewrite.php(46): require_once('FCPATH\\index.php')
CRITICAL - 2023-06-23 17:58:15 --> Creation of dynamic property Agoenxz21\Datatables\Datatable::$table is deprecated
in VENDORPATH\agoenxz21\datatables\src\Datatable.php on line 35.
 1 VENDORPATH\agoenxz21\datatables\src\Datatable.php(35): CodeIgniter\Debug\Exceptions->errorHandler(8192, 'Creation of dynamic property Agoenxz21\\Datatables\\Datatable::$table is deprecated', 'VENDORPATH\\agoenxz21\\datatables\\src\\Datatable.php', 35)
 2 APPPATH\Controllers\BagianController.php(22): Agoenxz21\Datatables\Datatable->__construct(Object(App\Models\BagianModel))
 3 SYSTEMPATH\CodeIgniter.php(927): App\Controllers\BagianController->all()
 4 SYSTEMPATH\CodeIgniter.php(482): CodeIgniter\CodeIgniter->runController(Object(App\Controllers\BagianController))
 5 SYSTEMPATH\CodeIgniter.php(351): CodeIgniter\CodeIgniter->handleRequest(null, Object(Config\Cache), false)
 6 FCPATH\index.php(67): CodeIgniter\CodeIgniter->run()
 7 SYSTEMPATH\Commands\Server\rewrite.php(46): require_once('FCPATH\\index.php')
CRITICAL - 2023-06-23 17:58:21 --> Creation of dynamic property Agoenxz21\Datatables\Datatable::$table is deprecated
in VENDORPATH\agoenxz21\datatables\src\Datatable.php on line 35.
 1 VENDORPATH\agoenxz21\datatables\src\Datatable.php(35): CodeIgniter\Debug\Exceptions->errorHandler(8192, 'Creation of dynamic property Agoenxz21\\Datatables\\Datatable::$table is deprecated', 'VENDORPATH\\agoenxz21\\datatables\\src\\Datatable.php', 35)
 2 APPPATH\Controllers\BagianController.php(22): Agoenxz21\Datatables\Datatable->__construct(Object(App\Models\BagianModel))
 3 SYSTEMPATH\CodeIgniter.php(927): App\Controllers\BagianController->all()
 4 SYSTEMPATH\CodeIgniter.php(482): CodeIgniter\CodeIgniter->runController(Object(App\Controllers\BagianController))
 5 SYSTEMPATH\CodeIgniter.php(351): CodeIgniter\CodeIgniter->handleRequest(null, Object(Config\Cache), false)
 6 FCPATH\index.php(67): CodeIgniter\CodeIgniter->run()
 7 SYSTEMPATH\Commands\Server\rewrite.php(46): require_once('FCPATH\\index.php')
CRITICAL - 2023-06-23 17:58:23 --> Creation of dynamic property CodeIgniter\Database\MySQLi\Builder::$table is deprecated
in APPPATH\Models\JadwalModel.php on line 53.
 1 APPPATH\Models\JadwalModel.php(53): CodeIgniter\Debug\Exceptions->errorHandler(8192, 'Creation of dynamic property CodeIgniter\\Database\\MySQLi\\Builder::$table is deprecated', 'APPPATH\\Models\\JadwalModel.php', 53)
 2 APPPATH\Controllers\PJadwalController.php(28): App\Models\JadwalModel::view()
 3 SYSTEMPATH\CodeIgniter.php(927): App\Controllers\PJadwalController->all()
 4 SYSTEMPATH\CodeIgniter.php(482): CodeIgniter\CodeIgniter->runController(Object(App\Controllers\PJadwalController))
 5 SYSTEMPATH\CodeIgniter.php(351): CodeIgniter\CodeIgniter->handleRequest(null, Object(Config\Cache), false)
 6 FCPATH\index.php(67): CodeIgniter\CodeIgniter->run()
 7 SYSTEMPATH\Commands\Server\rewrite.php(46): require_once('FCPATH\\index.php')
CRITICAL - 2023-06-23 17:58:54 --> Creation of dynamic property CodeIgniter\Database\MySQLi\Builder::$table is deprecated
in APPPATH\Models\JadwalModel.php on line 53.
 1 APPPATH\Models\JadwalModel.php(53): CodeIgniter\Debug\Exceptions->errorHandler(8192, 'Creation of dynamic property CodeIgniter\\Database\\MySQLi\\Builder::$table is deprecated', 'APPPATH\\Models\\JadwalModel.php', 53)
 2 APPPATH\Controllers\PJadwalController.php(28): App\Models\JadwalModel::view()
 3 SYSTEMPATH\CodeIgniter.php(927): App\Controllers\PJadwalController->all()
 4 SYSTEMPATH\CodeIgniter.php(482): CodeIgniter\CodeIgniter->runController(Object(App\Controllers\PJadwalController))
 5 SYSTEMPATH\CodeIgniter.php(351): CodeIgniter\CodeIgniter->handleRequest(null, Object(Config\Cache), false)
 6 FCPATH\index.php(67): CodeIgniter\CodeIgniter->run()
 7 SYSTEMPATH\Commands\Server\rewrite.php(46): require_once('FCPATH\\index.php')
CRITICAL - 2023-06-23 17:58:58 --> Creation of dynamic property CodeIgniter\Database\MySQLi\Builder::$table is deprecated
in APPPATH\Models\JadwalModel.php on line 53.
 1 APPPATH\Models\JadwalModel.php(53): CodeIgniter\Debug\Exceptions->errorHandler(8192, 'Creation of dynamic property CodeIgniter\\Database\\MySQLi\\Builder::$table is deprecated', 'APPPATH\\Models\\JadwalModel.php', 53)
 2 APPPATH\Controllers\PJadwalController.php(28): App\Models\JadwalModel::view()
 3 SYSTEMPATH\CodeIgniter.php(927): App\Controllers\PJadwalController->all()
 4 SYSTEMPATH\CodeIgniter.php(482): CodeIgniter\CodeIgniter->runController(Object(App\Controllers\PJadwalController))
 5 SYSTEMPATH\CodeIgniter.php(351): CodeIgniter\CodeIgniter->handleRequest(null, Object(Config\Cache), false)
 6 FCPATH\index.php(67): CodeIgniter\CodeIgniter->run()
 7 SYSTEMPATH\Commands\Server\rewrite.php(46): require_once('FCPATH\\index.php')
CRITICAL - 2023-06-23 17:59:01 --> Creation of dynamic property CodeIgniter\Database\MySQLi\Builder::$table is deprecated
in APPPATH\Models\JadwalModel.php on line 53.
 1 APPPATH\Models\JadwalModel.php(53): CodeIgniter\Debug\Exceptions->errorHandler(8192, 'Creation of dynamic property CodeIgniter\\Database\\MySQLi\\Builder::$table is deprecated', 'APPPATH\\Models\\JadwalModel.php', 53)
 2 APPPATH\Controllers\PJadwalController.php(28): App\Models\JadwalModel::view()
 3 SYSTEMPATH\CodeIgniter.php(927): App\Controllers\PJadwalController->all()
 4 SYSTEMPATH\CodeIgniter.php(482): CodeIgniter\CodeIgniter->runController(Object(App\Controllers\PJadwalController))
 5 SYSTEMPATH\CodeIgniter.php(351): CodeIgniter\CodeIgniter->handleRequest(null, Object(Config\Cache), false)
 6 FCPATH\index.php(67): CodeIgniter\CodeIgniter->run()
 7 SYSTEMPATH\Commands\Server\rewrite.php(46): require_once('FCPATH\\index.php')
CRITICAL - 2023-06-23 17:59:03 --> Creation of dynamic property CodeIgniter\Database\MySQLi\Builder::$table is deprecated
in APPPATH\Models\RincianpenilaianModel.php on line 51.
 1 APPPATH\Models\RincianpenilaianModel.php(51): CodeIgniter\Debug\Exceptions->errorHandler(8192, 'Creation of dynamic property CodeIgniter\\Database\\MySQLi\\Builder::$table is deprecated', 'APPPATH\\Models\\RincianpenilaianModel.php', 51)
 2 APPPATH\Controllers\PRincianPenilaianController.php(25): App\Models\RincianpenilaianModel::view()
 3 SYSTEMPATH\CodeIgniter.php(927): App\Controllers\PRincianPenilaianController->all()
 4 SYSTEMPATH\CodeIgniter.php(482): CodeIgniter\CodeIgniter->runController(Object(App\Controllers\PRincianPenilaianController))
 5 SYSTEMPATH\CodeIgniter.php(351): CodeIgniter\CodeIgniter->handleRequest(null, Object(Config\Cache), false)
 6 FCPATH\index.php(67): CodeIgniter\CodeIgniter->run()
 7 SYSTEMPATH\Commands\Server\rewrite.php(46): require_once('FCPATH\\index.php')
ERROR - 2023-06-23 17:59:26 --> mysqli_sql_exception: Duplicate entry '564543575' for key 'PRIMARY' in C:\Users\evano\Pictures\SistemInformasiSekolah\SistemInformasiSekolah-1\vendor\codeigniter4\framework\system\Database\MySQLi\Connection.php:292
Stack trace:
#0 C:\Users\evano\Pictures\SistemInformasiSekolah\SistemInformasiSekolah-1\vendor\codeigniter4\framework\system\Database\MySQLi\Connection.php(292): mysqli->query('INSERT INTO `pe...', 0)
#1 C:\Users\evano\Pictures\SistemInformasiSekolah\SistemInformasiSekolah-1\vendor\codeigniter4\framework\system\Database\BaseConnection.php(666): CodeIgniter\Database\MySQLi\Connection->execute('INSERT INTO `pe...')
#2 C:\Users\evano\Pictures\SistemInformasiSekolah\SistemInformasiSekolah-1\vendor\codeigniter4\framework\system\Database\BaseConnection.php(593): CodeIgniter\Database\BaseConnection->simpleQuery('INSERT INTO `pe...')
#3 C:\Users\evano\Pictures\SistemInformasiSekolah\SistemInformasiSekolah-1\vendor\codeigniter4\framework\system\Database\BaseBuilder.php(1916): CodeIgniter\Database\BaseConnection->query('INSERT INTO `pe...', Array, false)
#4 C:\Users\evano\Pictures\SistemInformasiSekolah\SistemInformasiSekolah-1\vendor\codeigniter4\framework\system\Model.php(279): CodeIgniter\Database\BaseBuilder->insert()
#5 C:\Users\evano\Pictures\SistemInformasiSekolah\SistemInformasiSekolah-1\vendor\codeigniter4\framework\system\BaseModel.php(749): CodeIgniter\Model->doInsert(Array)
#6 C:\Users\evano\Pictures\SistemInformasiSekolah\SistemInformasiSekolah-1\vendor\codeigniter4\framework\system\Model.php(667): CodeIgniter\BaseModel->insert(Array, true)
#7 C:\Users\evano\Pictures\SistemInformasiSekolah\SistemInformasiSekolah-1\app\Database\Seeds\PegawaiSeeder.php(12): CodeIgniter\Model->insert(Array)
#8 C:\Users\evano\Pictures\SistemInformasiSekolah\SistemInformasiSekolah-1\vendor\codeigniter4\framework\system\Database\Seeder.php(146): App\Database\Seeds\PegawaiSeeder->run()
#9 C:\Users\evano\Pictures\SistemInformasiSekolah\SistemInformasiSekolah-1\app\Database\Seeds\AllSeeder.php(12): CodeIgniter\Database\Seeder->call('App\\Database\\Se...')
#10 C:\Users\evano\Pictures\SistemInformasiSekolah\SistemInformasiSekolah-1\vendor\codeigniter4\framework\system\Database\Seeder.php(146): App\Database\Seeds\AllSeeder->run()
#11 C:\Users\evano\Pictures\SistemInformasiSekolah\SistemInformasiSekolah-1\vendor\codeigniter4\framework\system\Commands\Database\Seed.php(77): CodeIgniter\Database\Seeder->call('App\\Database\\Se...')
#12 C:\Users\evano\Pictures\SistemInformasiSekolah\SistemInformasiSekolah-1\vendor\codeigniter4\framework\system\CLI\Commands.php(63): CodeIgniter\Commands\Database\Seed->run(Array)
#13 C:\Users\evano\Pictures\SistemInformasiSekolah\SistemInformasiSekolah-1\vendor\codeigniter4\framework\system\CLI\CommandRunner.php(65): CodeIgniter\CLI\Commands->run('db:seed', Array)
#14 C:\Users\evano\Pictures\SistemInformasiSekolah\SistemInformasiSekolah-1\vendor\codeigniter4\framework\system\CLI\CommandRunner.php(51): CodeIgniter\CLI\CommandRunner->index(Array)
#15 C:\Users\evano\Pictures\SistemInformasiSekolah\SistemInformasiSekolah-1\vendor\codeigniter4\framework\system\CodeIgniter.php(920): CodeIgniter\CLI\CommandRunner->_remap('index', Array)
#16 C:\Users\evano\Pictures\SistemInformasiSekolah\SistemInformasiSekolah-1\vendor\codeigniter4\framework\system\CodeIgniter.php(482): CodeIgniter\CodeIgniter->runController(Object(CodeIgniter\CLI\CommandRunner))
#17 C:\Users\evano\Pictures\SistemInformasiSekolah\SistemInformasiSekolah-1\vendor\codeigniter4\framework\system\CodeIgniter.php(347): CodeIgniter\CodeIgniter->handleRequest(NULL, Object(Config\Cache), false)
#18 C:\Users\evano\Pictures\SistemInformasiSekolah\SistemInformasiSekolah-1\vendor\codeigniter4\framework\system\CLI\Console.php(48): CodeIgniter\CodeIgniter->run()
#19 C:\Users\evano\Pictures\SistemInformasiSekolah\SistemInformasiSekolah-1\spark(98): CodeIgniter\CLI\Console->run()
#20 {main}
CRITICAL - 2023-06-23 17:59:54 --> Creation of dynamic property CodeIgniter\Database\MySQLi\Builder::$table is deprecated
in APPPATH\Models\RincianpenilaianModel.php on line 51.
 1 APPPATH\Models\RincianpenilaianModel.php(51): CodeIgniter\Debug\Exceptions->errorHandler(8192, 'Creation of dynamic property CodeIgniter\\Database\\MySQLi\\Builder::$table is deprecated', 'APPPATH\\Models\\RincianpenilaianModel.php', 51)
 2 APPPATH\Controllers\PRincianPenilaianController.php(25): App\Models\RincianpenilaianModel::view()
 3 SYSTEMPATH\CodeIgniter.php(927): App\Controllers\PRincianPenilaianController->all()
 4 SYSTEMPATH\CodeIgniter.php(482): CodeIgniter\CodeIgniter->runController(Object(App\Controllers\PRincianPenilaianController))
 5 SYSTEMPATH\CodeIgniter.php(351): CodeIgniter\CodeIgniter->handleRequest(null, Object(Config\Cache), false)
 6 FCPATH\index.php(67): CodeIgniter\CodeIgniter->run()
 7 SYSTEMPATH\Commands\Server\rewrite.php(46): require_once('FCPATH\\index.php')
CRITICAL - 2023-06-23 18:00:18 --> Creation of dynamic property Agoenxz21\Datatables\Datatable::$table is deprecated
in VENDORPATH\agoenxz21\datatables\src\Datatable.php on line 35.
 1 VENDORPATH\agoenxz21\datatables\src\Datatable.php(35): CodeIgniter\Debug\Exceptions->errorHandler(8192, 'Creation of dynamic property Agoenxz21\\Datatables\\Datatable::$table is deprecated', 'VENDORPATH\\agoenxz21\\datatables\\src\\Datatable.php', 35)
 2 APPPATH\Controllers\BagianController.php(22): Agoenxz21\Datatables\Datatable->__construct(Object(App\Models\BagianModel))
 3 SYSTEMPATH\CodeIgniter.php(927): App\Controllers\BagianController->all()
 4 SYSTEMPATH\CodeIgniter.php(482): CodeIgniter\CodeIgniter->runController(Object(App\Controllers\BagianController))
 5 SYSTEMPATH\CodeIgniter.php(351): CodeIgniter\CodeIgniter->handleRequest(null, Object(Config\Cache), false)
 6 FCPATH\index.php(67): CodeIgniter\CodeIgniter->run()
 7 SYSTEMPATH\Commands\Server\rewrite.php(46): require_once('FCPATH\\index.php')
CRITICAL - 2023-06-23 18:00:33 --> Creation of dynamic property Agoenxz21\Datatables\Datatable::$table is deprecated
in VENDORPATH\agoenxz21\datatables\src\Datatable.php on line 35.
 1 VENDORPATH\agoenxz21\datatables\src\Datatable.php(35): CodeIgniter\Debug\Exceptions->errorHandler(8192, 'Creation of dynamic property Agoenxz21\\Datatables\\Datatable::$table is deprecated', 'VENDORPATH\\agoenxz21\\datatables\\src\\Datatable.php', 35)
 2 APPPATH\Controllers\MapelController.php(22): Agoenxz21\Datatables\Datatable->__construct(Object(App\Models\MapelModel))
 3 SYSTEMPATH\CodeIgniter.php(927): App\Controllers\MapelController->all()
 4 SYSTEMPATH\CodeIgniter.php(482): CodeIgniter\CodeIgniter->runController(Object(App\Controllers\MapelController))
 5 SYSTEMPATH\CodeIgniter.php(351): CodeIgniter\CodeIgniter->handleRequest(null, Object(Config\Cache), false)
 6 FCPATH\index.php(67): CodeIgniter\CodeIgniter->run()
 7 SYSTEMPATH\Commands\Server\rewrite.php(46): require_once('FCPATH\\index.php')
CRITICAL - 2023-06-23 18:03:03 --> Creation of dynamic property CodeIgniter\Database\MySQLi\Builder::$table is deprecated
in APPPATH\Models\RincianpenilaianModel.php on line 51.
 1 APPPATH\Models\RincianpenilaianModel.php(51): CodeIgniter\Debug\Exceptions->errorHandler(8192, 'Creation of dynamic property CodeIgniter\\Database\\MySQLi\\Builder::$table is deprecated', 'APPPATH\\Models\\RincianpenilaianModel.php', 51)
 2 APPPATH\Controllers\PRincianPenilaianController.php(25): App\Models\RincianpenilaianModel::view()
 3 SYSTEMPATH\CodeIgniter.php(927): App\Controllers\PRincianPenilaianController->all()
 4 SYSTEMPATH\CodeIgniter.php(482): CodeIgniter\CodeIgniter->runController(Object(App\Controllers\PRincianPenilaianController))
 5 SYSTEMPATH\CodeIgniter.php(351): CodeIgniter\CodeIgniter->handleRequest(null, Object(Config\Cache), false)
 6 FCPATH\index.php(67): CodeIgniter\CodeIgniter->run()
 7 SYSTEMPATH\Commands\Server\rewrite.php(46): require_once('FCPATH\\index.php')
CRITICAL - 2023-06-23 18:19:05 --> Creation of dynamic property CodeIgniter\Database\MySQLi\Builder::$table is deprecated
in APPPATH\Models\SiswaModel.php on line 50.
 1 APPPATH\Models\SiswaModel.php(50): CodeIgniter\Debug\Exceptions->errorHandler(8192, 'Creation of dynamic property CodeIgniter\\Database\\MySQLi\\Builder::$table is deprecated', 'APPPATH\\Models\\SiswaModel.php', 50)
 2 APPPATH\Controllers\PSiswaController.php(94): App\Models\SiswaModel::view()
 3 SYSTEMPATH\CodeIgniter.php(927): App\Controllers\PSiswaController->all()
 4 SYSTEMPATH\CodeIgniter.php(482): CodeIgniter\CodeIgniter->runController(Object(App\Controllers\PSiswaController))
 5 SYSTEMPATH\CodeIgniter.php(351): CodeIgniter\CodeIgniter->handleRequest(null, Object(Config\Cache), false)
 6 FCPATH\index.php(67): CodeIgniter\CodeIgniter->run()
 7 SYSTEMPATH\Commands\Server\rewrite.php(46): require_once('FCPATH\\index.php')
