CRITICAL - 2022-11-25 01:10:33 --> Invalid file: backend/rincianpenilaian.php
in SYSTEMPATH\Exceptions\FrameworkException.php on line 33.
 1 SYSTEMPATH\View\View.php(201): CodeIgniter\Exceptions\FrameworkException::forInvalidFile('backend/rincianpenilaian.php')
 2 SYSTEMPATH\Common.php(1134): CodeIgniter\View\View->render('backend/rincianpenilaian', [], true)
 3 APPPATH\Controllers\PRincianPenilaianController.php(20): view('backend/rincianpenilaian', [...])
 4 SYSTEMPATH\CodeIgniter.php(927): App\Controllers\PRincianPenilaianController->index()
 5 SYSTEMPATH\CodeIgniter.php(482): CodeIgniter\CodeIgniter->runController(Object(App\Controllers\PRincianPenilaianController))
 6 SYSTEMPATH\CodeIgniter.php(351): CodeIgniter\CodeIgniter->handleRequest(null, Object(Config\Cache), false)
 7 FCPATH\index.php(67): CodeIgniter\CodeIgniter->run()
 8 SYSTEMPATH\Commands\Server\rewrite.php(46): require_once('FCPATH\\index.php')
CRITICAL - 2022-11-25 01:18:56 --> Invalid file: backend/rincianpenilaian.php
in SYSTEMPATH\Exceptions\FrameworkException.php on line 33.
 1 SYSTEMPATH\View\View.php(201): CodeIgniter\Exceptions\FrameworkException::forInvalidFile('backend/rincianpenilaian.php')
 2 SYSTEMPATH\Common.php(1134): CodeIgniter\View\View->render('backend/rincianpenilaian', [], true)
 3 APPPATH\Controllers\PRincianPenilaianController.php(20): view('backend/rincianpenilaian', [...])
 4 SYSTEMPATH\CodeIgniter.php(927): App\Controllers\PRincianPenilaianController->index()
 5 SYSTEMPATH\CodeIgniter.php(482): CodeIgniter\CodeIgniter->runController(Object(App\Controllers\PRincianPenilaianController))
 6 SYSTEMPATH\CodeIgniter.php(351): CodeIgniter\CodeIgniter->handleRequest(null, Object(Config\Cache), false)
 7 FCPATH\index.php(67): CodeIgniter\CodeIgniter->run()
 8 SYSTEMPATH\Commands\Server\rewrite.php(46): require_once('FCPATH\\index.php')
