CRITICAL - 2022-12-01 08:47:17 --> Call to a member function hasMoved() on null
in APPPATH\Controllers\PegawaiController.php on line 177.
 1 APPPATH\Controllers\PegawaiController.php(162): App\Controllers\PegawaiController->savefile(3)
 2 SYSTEMPATH\CodeIgniter.php(927): App\Controllers\PegawaiController->update()
 3 SYSTEMPATH\CodeIgniter.php(482): CodeIgniter\CodeIgniter->runController(Object(App\Controllers\PegawaiController))
 4 SYSTEMPATH\CodeIgniter.php(351): CodeIgniter\CodeIgniter->handleRequest(null, Object(Config\Cache), false)
 5 FCPATH\index.php(67): CodeIgniter\CodeIgniter->run()
 6 SYSTEMPATH\Commands\Server\rewrite.php(46): require_once('FCPATH\\index.php')
CRITICAL - 2022-12-01 08:47:25 --> Call to a member function hasMoved() on null
in APPPATH\Controllers\PegawaiController.php on line 177.
 1 APPPATH\Controllers\PegawaiController.php(162): App\Controllers\PegawaiController->savefile(3)
 2 SYSTEMPATH\CodeIgniter.php(927): App\Controllers\PegawaiController->update()
 3 SYSTEMPATH\CodeIgniter.php(482): CodeIgniter\CodeIgniter->runController(Object(App\Controllers\PegawaiController))
 4 SYSTEMPATH\CodeIgniter.php(351): CodeIgniter\CodeIgniter->handleRequest(null, Object(Config\Cache), false)
 5 FCPATH\index.php(67): CodeIgniter\CodeIgniter->run()
 6 SYSTEMPATH\Commands\Server\rewrite.php(46): require_once('FCPATH\\index.php')
ERROR - 2022-12-01 11:25:08 --> Error connecting to the database: Error: Class "SQLite3" not found in C:\Users\System SYS\wp2\SistemInformasiSekolah-1\vendor\codeigniter4\framework\system\Database\SQLite3\Connection.php:74
Stack trace:
#0 C:\Users\System SYS\wp2\SistemInformasiSekolah-1\vendor\codeigniter4\framework\system\Database\BaseConnection.php(382): CodeIgniter\Database\SQLite3\Connection->connect(false)
#1 C:\Users\System SYS\wp2\SistemInformasiSekolah-1\vendor\codeigniter4\framework\system\Database\SQLite3\Connection.php(48): CodeIgniter\Database\BaseConnection->initialize()
#2 C:\Users\System SYS\wp2\SistemInformasiSekolah-1\vendor\codeigniter4\framework\system\Test\DatabaseTestTrait.php(74): CodeIgniter\Database\SQLite3\Connection->initialize()
#3 C:\Users\System SYS\wp2\SistemInformasiSekolah-1\vendor\codeigniter4\framework\system\Test\DatabaseTestTrait.php(54): ExampleDatabaseTest->loadDependencies()
#4 C:\Users\System SYS\wp2\SistemInformasiSekolah-1\vendor\codeigniter4\framework\system\Test\CIUnitTestCase.php(248): ExampleDatabaseTest->setUpDatabase()
#5 C:\Users\System SYS\wp2\SistemInformasiSekolah-1\vendor\phpunit\phpunit\src\Framework\TestCase.php(1147): CodeIgniter\Test\CIUnitTestCase->setUp()
#6 C:\Users\System SYS\wp2\SistemInformasiSekolah-1\vendor\phpunit\phpunit\src\Framework\TestResult.php(728): PHPUnit\Framework\TestCase->runBare()
#7 C:\Users\System SYS\wp2\SistemInformasiSekolah-1\vendor\phpunit\phpunit\src\Framework\TestCase.php(904): PHPUnit\Framework\TestResult->run(Object(ExampleDatabaseTest))
#8 C:\Users\System SYS\wp2\SistemInformasiSekolah-1\vendor\phpunit\phpunit\src\Framework\TestSuite.php(673): PHPUnit\Framework\TestCase->run(Object(PHPUnit\Framework\TestResult))
#9 C:\Users\System SYS\wp2\SistemInformasiSekolah-1\vendor\phpunit\phpunit\src\Framework\TestSuite.php(673): PHPUnit\Framework\TestSuite->run(Object(PHPUnit\Framework\TestResult))
#10 C:\Users\System SYS\wp2\SistemInformasiSekolah-1\vendor\phpunit\phpunit\src\Framework\TestSuite.php(673): PHPUnit\Framework\TestSuite->run(Object(PHPUnit\Framework\TestResult))
#11 C:\Users\System SYS\wp2\SistemInformasiSekolah-1\vendor\phpunit\phpunit\src\TextUI\TestRunner.php(661): PHPUnit\Framework\TestSuite->run(Object(PHPUnit\Framework\TestResult))
#12 C:\Users\System SYS\wp2\SistemInformasiSekolah-1\vendor\phpunit\phpunit\src\TextUI\Command.php(144): PHPUnit\TextUI\TestRunner->run(Object(PHPUnit\Framework\TestSuite), Array, Array, true)
#13 C:\Users\System SYS\wp2\SistemInformasiSekolah-1\vendor\phpunit\phpunit\src\TextUI\Command.php(97): PHPUnit\TextUI\Command->run(Array, true)
#14 C:\Users\System SYS\wp2\SistemInformasiSekolah-1\vendor\phpunit\phpunit\phpunit(98): PHPUnit\TextUI\Command::main()
#15 C:\Users\System SYS\wp2\SistemInformasiSekolah-1\vendor\bin\phpunit(123): include('C:\\Users\\System...')
#16 {main}
ERROR - 2022-12-01 11:25:09 --> Error connecting to the database: Error: Class "SQLite3" not found in C:\Users\System SYS\wp2\SistemInformasiSekolah-1\vendor\codeigniter4\framework\system\Database\SQLite3\Connection.php:74
Stack trace:
#0 C:\Users\System SYS\wp2\SistemInformasiSekolah-1\vendor\codeigniter4\framework\system\Database\BaseConnection.php(382): CodeIgniter\Database\SQLite3\Connection->connect(false)
#1 C:\Users\System SYS\wp2\SistemInformasiSekolah-1\vendor\codeigniter4\framework\system\Database\SQLite3\Connection.php(48): CodeIgniter\Database\BaseConnection->initialize()
#2 C:\Users\System SYS\wp2\SistemInformasiSekolah-1\vendor\codeigniter4\framework\system\Test\DatabaseTestTrait.php(74): CodeIgniter\Database\SQLite3\Connection->initialize()
#3 C:\Users\System SYS\wp2\SistemInformasiSekolah-1\vendor\codeigniter4\framework\system\Test\DatabaseTestTrait.php(54): ExampleDatabaseTest->loadDependencies()
#4 C:\Users\System SYS\wp2\SistemInformasiSekolah-1\vendor\codeigniter4\framework\system\Test\CIUnitTestCase.php(248): ExampleDatabaseTest->setUpDatabase()
#5 C:\Users\System SYS\wp2\SistemInformasiSekolah-1\vendor\phpunit\phpunit\src\Framework\TestCase.php(1147): CodeIgniter\Test\CIUnitTestCase->setUp()
#6 C:\Users\System SYS\wp2\SistemInformasiSekolah-1\vendor\phpunit\phpunit\src\Framework\TestResult.php(728): PHPUnit\Framework\TestCase->runBare()
#7 C:\Users\System SYS\wp2\SistemInformasiSekolah-1\vendor\phpunit\phpunit\src\Framework\TestCase.php(904): PHPUnit\Framework\TestResult->run(Object(ExampleDatabaseTest))
#8 C:\Users\System SYS\wp2\SistemInformasiSekolah-1\vendor\phpunit\phpunit\src\Framework\TestSuite.php(673): PHPUnit\Framework\TestCase->run(Object(PHPUnit\Framework\TestResult))
#9 C:\Users\System SYS\wp2\SistemInformasiSekolah-1\vendor\phpunit\phpunit\src\Framework\TestSuite.php(673): PHPUnit\Framework\TestSuite->run(Object(PHPUnit\Framework\TestResult))
#10 C:\Users\System SYS\wp2\SistemInformasiSekolah-1\vendor\phpunit\phpunit\src\Framework\TestSuite.php(673): PHPUnit\Framework\TestSuite->run(Object(PHPUnit\Framework\TestResult))
#11 C:\Users\System SYS\wp2\SistemInformasiSekolah-1\vendor\phpunit\phpunit\src\TextUI\TestRunner.php(661): PHPUnit\Framework\TestSuite->run(Object(PHPUnit\Framework\TestResult))
#12 C:\Users\System SYS\wp2\SistemInformasiSekolah-1\vendor\phpunit\phpunit\src\TextUI\Command.php(144): PHPUnit\TextUI\TestRunner->run(Object(PHPUnit\Framework\TestSuite), Array, Array, true)
#13 C:\Users\System SYS\wp2\SistemInformasiSekolah-1\vendor\phpunit\phpunit\src\TextUI\Command.php(97): PHPUnit\TextUI\Command->run(Array, true)
#14 C:\Users\System SYS\wp2\SistemInformasiSekolah-1\vendor\phpunit\phpunit\phpunit(98): PHPUnit\TextUI\Command::main()
#15 C:\Users\System SYS\wp2\SistemInformasiSekolah-1\vendor\bin\phpunit(123): include('C:\\Users\\System...')
#16 {main}
ERROR - 2022-12-01 11:25:13 --> Error connecting to the database: mysqli_sql_exception: No connection could be made because the target machine actively refused it in C:\Users\System SYS\wp2\SistemInformasiSekolah-1\vendor\codeigniter4\framework\system\Database\MySQLi\Connection.php:171
Stack trace:
#0 C:\Users\System SYS\wp2\SistemInformasiSekolah-1\vendor\codeigniter4\framework\system\Database\MySQLi\Connection.php(171): mysqli->real_connect('localhost', 'root', '', 'SIS', 3306, '', 0)
#1 C:\Users\System SYS\wp2\SistemInformasiSekolah-1\vendor\codeigniter4\framework\system\Database\BaseConnection.php(382): CodeIgniter\Database\MySQLi\Connection->connect(false)
#2 C:\Users\System SYS\wp2\SistemInformasiSekolah-1\vendor\codeigniter4\framework\system\Database\BaseConnection.php(561): CodeIgniter\Database\BaseConnection->initialize()
#3 C:\Users\System SYS\wp2\SistemInformasiSekolah-1\vendor\codeigniter4\framework\system\Database\BaseBuilder.php(1585): CodeIgniter\Database\BaseConnection->query('SELECT *\nFROM `...', Array, false)
#4 C:\Users\System SYS\wp2\SistemInformasiSekolah-1\vendor\codeigniter4\framework\system\Model.php(250): CodeIgniter\Database\BaseBuilder->get()
#5 C:\Users\System SYS\wp2\SistemInformasiSekolah-1\vendor\codeigniter4\framework\system\BaseModel.php(623): CodeIgniter\Model->doFirst()
#6 C:\Users\System SYS\wp2\SistemInformasiSekolah-1\app\Controllers\PegawaiController.php(20): CodeIgniter\BaseModel->first()
#7 C:\Users\System SYS\wp2\SistemInformasiSekolah-1\vendor\codeigniter4\framework\system\CodeIgniter.php(927): App\Controllers\PegawaiController->login()
#8 C:\Users\System SYS\wp2\SistemInformasiSekolah-1\vendor\codeigniter4\framework\system\CodeIgniter.php(482): CodeIgniter\CodeIgniter->runController(Object(App\Controllers\PegawaiController))
#9 C:\Users\System SYS\wp2\SistemInformasiSekolah-1\vendor\codeigniter4\framework\system\CodeIgniter.php(351): CodeIgniter\CodeIgniter->handleRequest(Object(CodeIgniter\Router\RouteCollection), Object(Config\Cache), true)
#10 C:\Users\System SYS\wp2\SistemInformasiSekolah-1\vendor\codeigniter4\framework\system\Test\FeatureTestTrait.php(187): CodeIgniter\CodeIgniter->run(Object(CodeIgniter\Router\RouteCollection), true)
#11 C:\Users\System SYS\wp2\SistemInformasiSekolah-1\tests\unit\PegawaiTest.php(16): PegawaiTest->call('post', 'login', Array)
#12 C:\Users\System SYS\wp2\SistemInformasiSekolah-1\vendor\phpunit\phpunit\src\Framework\TestCase.php(1548): PegawaiTest->testLogin()
#13 C:\Users\System SYS\wp2\SistemInformasiSekolah-1\vendor\phpunit\phpunit\src\Framework\TestCase.php(1154): PHPUnit\Framework\TestCase->runTest()
#14 C:\Users\System SYS\wp2\SistemInformasiSekolah-1\vendor\phpunit\phpunit\src\Framework\TestResult.php(728): PHPUnit\Framework\TestCase->runBare()
#15 C:\Users\System SYS\wp2\SistemInformasiSekolah-1\vendor\phpunit\phpunit\src\Framework\TestCase.php(904): PHPUnit\Framework\TestResult->run(Object(PegawaiTest))
#16 C:\Users\System SYS\wp2\SistemInformasiSekolah-1\vendor\phpunit\phpunit\src\Framework\TestSuite.php(673): PHPUnit\Framework\TestCase->run(Object(PHPUnit\Framework\TestResult))
#17 C:\Users\System SYS\wp2\SistemInformasiSekolah-1\vendor\phpunit\phpunit\src\Framework\TestSuite.php(673): PHPUnit\Framework\TestSuite->run(Object(PHPUnit\Framework\TestResult))
#18 C:\Users\System SYS\wp2\SistemInformasiSekolah-1\vendor\phpunit\phpunit\src\Framework\TestSuite.php(673): PHPUnit\Framework\TestSuite->run(Object(PHPUnit\Framework\TestResult))
#19 C:\Users\System SYS\wp2\SistemInformasiSekolah-1\vendor\phpunit\phpunit\src\TextUI\TestRunner.php(661): PHPUnit\Framework\TestSuite->run(Object(PHPUnit\Framework\TestResult))
#20 C:\Users\System SYS\wp2\SistemInformasiSekolah-1\vendor\phpunit\phpunit\src\TextUI\Command.php(144): PHPUnit\TextUI\TestRunner->run(Object(PHPUnit\Framework\TestSuite), Array, Array, true)
#21 C:\Users\System SYS\wp2\SistemInformasiSekolah-1\vendor\phpunit\phpunit\src\TextUI\Command.php(97): PHPUnit\TextUI\Command->run(Array, true)
#22 C:\Users\System SYS\wp2\SistemInformasiSekolah-1\vendor\phpunit\phpunit\phpunit(98): PHPUnit\TextUI\Command::main()
#23 C:\Users\System SYS\wp2\SistemInformasiSekolah-1\vendor\bin\phpunit(123): include('C:\\Users\\System...')
#24 {main}

Next CodeIgniter\Database\Exceptions\DatabaseException: No connection could be made because the target machine actively refused it in C:\Users\System SYS\wp2\SistemInformasiSekolah-1\vendor\codeigniter4\framework\system\Database\MySQLi\Connection.php:215
Stack trace:
#0 C:\Users\System SYS\wp2\SistemInformasiSekolah-1\vendor\codeigniter4\framework\system\Database\BaseConnection.php(382): CodeIgniter\Database\MySQLi\Connection->connect(false)
#1 C:\Users\System SYS\wp2\SistemInformasiSekolah-1\vendor\codeigniter4\framework\system\Database\BaseConnection.php(561): CodeIgniter\Database\BaseConnection->initialize()
#2 C:\Users\System SYS\wp2\SistemInformasiSekolah-1\vendor\codeigniter4\framework\system\Database\BaseBuilder.php(1585): CodeIgniter\Database\BaseConnection->query('SELECT *\nFROM `...', Array, false)
#3 C:\Users\System SYS\wp2\SistemInformasiSekolah-1\vendor\codeigniter4\framework\system\Model.php(250): CodeIgniter\Database\BaseBuilder->get()
#4 C:\Users\System SYS\wp2\SistemInformasiSekolah-1\vendor\codeigniter4\framework\system\BaseModel.php(623): CodeIgniter\Model->doFirst()
#5 C:\Users\System SYS\wp2\SistemInformasiSekolah-1\app\Controllers\PegawaiController.php(20): CodeIgniter\BaseModel->first()
#6 C:\Users\System SYS\wp2\SistemInformasiSekolah-1\vendor\codeigniter4\framework\system\CodeIgniter.php(927): App\Controllers\PegawaiController->login()
#7 C:\Users\System SYS\wp2\SistemInformasiSekolah-1\vendor\codeigniter4\framework\system\CodeIgniter.php(482): CodeIgniter\CodeIgniter->runController(Object(App\Controllers\PegawaiController))
#8 C:\Users\System SYS\wp2\SistemInformasiSekolah-1\vendor\codeigniter4\framework\system\CodeIgniter.php(351): CodeIgniter\CodeIgniter->handleRequest(Object(CodeIgniter\Router\RouteCollection), Object(Config\Cache), true)
#9 C:\Users\System SYS\wp2\SistemInformasiSekolah-1\vendor\codeigniter4\framework\system\Test\FeatureTestTrait.php(187): CodeIgniter\CodeIgniter->run(Object(CodeIgniter\Router\RouteCollection), true)
#10 C:\Users\System SYS\wp2\SistemInformasiSekolah-1\tests\unit\PegawaiTest.php(16): PegawaiTest->call('post', 'login', Array)
#11 C:\Users\System SYS\wp2\SistemInformasiSekolah-1\vendor\phpunit\phpunit\src\Framework\TestCase.php(1548): PegawaiTest->testLogin()
#12 C:\Users\System SYS\wp2\SistemInformasiSekolah-1\vendor\phpunit\phpunit\src\Framework\TestCase.php(1154): PHPUnit\Framework\TestCase->runTest()
#13 C:\Users\System SYS\wp2\SistemInformasiSekolah-1\vendor\phpunit\phpunit\src\Framework\TestResult.php(728): PHPUnit\Framework\TestCase->runBare()
#14 C:\Users\System SYS\wp2\SistemInformasiSekolah-1\vendor\phpunit\phpunit\src\Framework\TestCase.php(904): PHPUnit\Framework\TestResult->run(Object(PegawaiTest))
#15 C:\Users\System SYS\wp2\SistemInformasiSekolah-1\vendor\phpunit\phpunit\src\Framework\TestSuite.php(673): PHPUnit\Framework\TestCase->run(Object(PHPUnit\Framework\TestResult))
#16 C:\Users\System SYS\wp2\SistemInformasiSekolah-1\vendor\phpunit\phpunit\src\Framework\TestSuite.php(673): PHPUnit\Framework\TestSuite->run(Object(PHPUnit\Framework\TestResult))
#17 C:\Users\System SYS\wp2\SistemInformasiSekolah-1\vendor\phpunit\phpunit\src\Framework\TestSuite.php(673): PHPUnit\Framework\TestSuite->run(Object(PHPUnit\Framework\TestResult))
#18 C:\Users\System SYS\wp2\SistemInformasiSekolah-1\vendor\phpunit\phpunit\src\TextUI\TestRunner.php(661): PHPUnit\Framework\TestSuite->run(Object(PHPUnit\Framework\TestResult))
#19 C:\Users\System SYS\wp2\SistemInformasiSekolah-1\vendor\phpunit\phpunit\src\TextUI\Command.php(144): PHPUnit\TextUI\TestRunner->run(Object(PHPUnit\Framework\TestSuite), Array, Array, true)
#20 C:\Users\System SYS\wp2\SistemInformasiSekolah-1\vendor\phpunit\phpunit\src\TextUI\Command.php(97): PHPUnit\TextUI\Command->run(Array, true)
#21 C:\Users\System SYS\wp2\SistemInformasiSekolah-1\vendor\phpunit\phpunit\phpunit(98): PHPUnit\TextUI\Command::main()
#22 C:\Users\System SYS\wp2\SistemInformasiSekolah-1\vendor\bin\phpunit(123): include('C:\\Users\\System...')
#23 {main}
ERROR - 2022-12-01 11:25:42 --> Error connecting to the database: Error: Class "SQLite3" not found in C:\Users\System SYS\wp2\SistemInformasiSekolah-1\vendor\codeigniter4\framework\system\Database\SQLite3\Connection.php:74
Stack trace:
#0 C:\Users\System SYS\wp2\SistemInformasiSekolah-1\vendor\codeigniter4\framework\system\Database\BaseConnection.php(382): CodeIgniter\Database\SQLite3\Connection->connect(false)
#1 C:\Users\System SYS\wp2\SistemInformasiSekolah-1\vendor\codeigniter4\framework\system\Database\SQLite3\Connection.php(48): CodeIgniter\Database\BaseConnection->initialize()
#2 C:\Users\System SYS\wp2\SistemInformasiSekolah-1\vendor\codeigniter4\framework\system\Test\DatabaseTestTrait.php(74): CodeIgniter\Database\SQLite3\Connection->initialize()
#3 C:\Users\System SYS\wp2\SistemInformasiSekolah-1\vendor\codeigniter4\framework\system\Test\DatabaseTestTrait.php(54): ExampleDatabaseTest->loadDependencies()
#4 C:\Users\System SYS\wp2\SistemInformasiSekolah-1\vendor\codeigniter4\framework\system\Test\CIUnitTestCase.php(248): ExampleDatabaseTest->setUpDatabase()
#5 C:\Users\System SYS\wp2\SistemInformasiSekolah-1\vendor\phpunit\phpunit\src\Framework\TestCase.php(1147): CodeIgniter\Test\CIUnitTestCase->setUp()
#6 C:\Users\System SYS\wp2\SistemInformasiSekolah-1\vendor\phpunit\phpunit\src\Framework\TestResult.php(728): PHPUnit\Framework\TestCase->runBare()
#7 C:\Users\System SYS\wp2\SistemInformasiSekolah-1\vendor\phpunit\phpunit\src\Framework\TestCase.php(904): PHPUnit\Framework\TestResult->run(Object(ExampleDatabaseTest))
#8 C:\Users\System SYS\wp2\SistemInformasiSekolah-1\vendor\phpunit\phpunit\src\Framework\TestSuite.php(673): PHPUnit\Framework\TestCase->run(Object(PHPUnit\Framework\TestResult))
#9 C:\Users\System SYS\wp2\SistemInformasiSekolah-1\vendor\phpunit\phpunit\src\Framework\TestSuite.php(673): PHPUnit\Framework\TestSuite->run(Object(PHPUnit\Framework\TestResult))
#10 C:\Users\System SYS\wp2\SistemInformasiSekolah-1\vendor\phpunit\phpunit\src\Framework\TestSuite.php(673): PHPUnit\Framework\TestSuite->run(Object(PHPUnit\Framework\TestResult))
#11 C:\Users\System SYS\wp2\SistemInformasiSekolah-1\vendor\phpunit\phpunit\src\TextUI\TestRunner.php(661): PHPUnit\Framework\TestSuite->run(Object(PHPUnit\Framework\TestResult))
#12 C:\Users\System SYS\wp2\SistemInformasiSekolah-1\vendor\phpunit\phpunit\src\TextUI\Command.php(144): PHPUnit\TextUI\TestRunner->run(Object(PHPUnit\Framework\TestSuite), Array, Array, true)
#13 C:\Users\System SYS\wp2\SistemInformasiSekolah-1\vendor\phpunit\phpunit\src\TextUI\Command.php(97): PHPUnit\TextUI\Command->run(Array, true)
#14 C:\Users\System SYS\wp2\SistemInformasiSekolah-1\vendor\phpunit\phpunit\phpunit(98): PHPUnit\TextUI\Command::main()
#15 C:\Users\System SYS\wp2\SistemInformasiSekolah-1\vendor\bin\phpunit(123): include('C:\\Users\\System...')
#16 {main}
ERROR - 2022-12-01 11:25:42 --> Error connecting to the database: Error: Class "SQLite3" not found in C:\Users\System SYS\wp2\SistemInformasiSekolah-1\vendor\codeigniter4\framework\system\Database\SQLite3\Connection.php:74
Stack trace:
#0 C:\Users\System SYS\wp2\SistemInformasiSekolah-1\vendor\codeigniter4\framework\system\Database\BaseConnection.php(382): CodeIgniter\Database\SQLite3\Connection->connect(false)
#1 C:\Users\System SYS\wp2\SistemInformasiSekolah-1\vendor\codeigniter4\framework\system\Database\SQLite3\Connection.php(48): CodeIgniter\Database\BaseConnection->initialize()
#2 C:\Users\System SYS\wp2\SistemInformasiSekolah-1\vendor\codeigniter4\framework\system\Test\DatabaseTestTrait.php(74): CodeIgniter\Database\SQLite3\Connection->initialize()
#3 C:\Users\System SYS\wp2\SistemInformasiSekolah-1\vendor\codeigniter4\framework\system\Test\DatabaseTestTrait.php(54): ExampleDatabaseTest->loadDependencies()
#4 C:\Users\System SYS\wp2\SistemInformasiSekolah-1\vendor\codeigniter4\framework\system\Test\CIUnitTestCase.php(248): ExampleDatabaseTest->setUpDatabase()
#5 C:\Users\System SYS\wp2\SistemInformasiSekolah-1\vendor\phpunit\phpunit\src\Framework\TestCase.php(1147): CodeIgniter\Test\CIUnitTestCase->setUp()
#6 C:\Users\System SYS\wp2\SistemInformasiSekolah-1\vendor\phpunit\phpunit\src\Framework\TestResult.php(728): PHPUnit\Framework\TestCase->runBare()
#7 C:\Users\System SYS\wp2\SistemInformasiSekolah-1\vendor\phpunit\phpunit\src\Framework\TestCase.php(904): PHPUnit\Framework\TestResult->run(Object(ExampleDatabaseTest))
#8 C:\Users\System SYS\wp2\SistemInformasiSekolah-1\vendor\phpunit\phpunit\src\Framework\TestSuite.php(673): PHPUnit\Framework\TestCase->run(Object(PHPUnit\Framework\TestResult))
#9 C:\Users\System SYS\wp2\SistemInformasiSekolah-1\vendor\phpunit\phpunit\src\Framework\TestSuite.php(673): PHPUnit\Framework\TestSuite->run(Object(PHPUnit\Framework\TestResult))
#10 C:\Users\System SYS\wp2\SistemInformasiSekolah-1\vendor\phpunit\phpunit\src\Framework\TestSuite.php(673): PHPUnit\Framework\TestSuite->run(Object(PHPUnit\Framework\TestResult))
#11 C:\Users\System SYS\wp2\SistemInformasiSekolah-1\vendor\phpunit\phpunit\src\TextUI\TestRunner.php(661): PHPUnit\Framework\TestSuite->run(Object(PHPUnit\Framework\TestResult))
#12 C:\Users\System SYS\wp2\SistemInformasiSekolah-1\vendor\phpunit\phpunit\src\TextUI\Command.php(144): PHPUnit\TextUI\TestRunner->run(Object(PHPUnit\Framework\TestSuite), Array, Array, true)
#13 C:\Users\System SYS\wp2\SistemInformasiSekolah-1\vendor\phpunit\phpunit\src\TextUI\Command.php(97): PHPUnit\TextUI\Command->run(Array, true)
#14 C:\Users\System SYS\wp2\SistemInformasiSekolah-1\vendor\phpunit\phpunit\phpunit(98): PHPUnit\TextUI\Command::main()
#15 C:\Users\System SYS\wp2\SistemInformasiSekolah-1\vendor\bin\phpunit(123): include('C:\\Users\\System...')
#16 {main}
ERROR - 2022-12-01 11:26:24 --> Error connecting to the database: Error: Class "SQLite3" not found in C:\Users\System SYS\wp2\SistemInformasiSekolah-1\vendor\codeigniter4\framework\system\Database\SQLite3\Connection.php:74
Stack trace:
#0 C:\Users\System SYS\wp2\SistemInformasiSekolah-1\vendor\codeigniter4\framework\system\Database\BaseConnection.php(382): CodeIgniter\Database\SQLite3\Connection->connect(false)
#1 C:\Users\System SYS\wp2\SistemInformasiSekolah-1\vendor\codeigniter4\framework\system\Database\SQLite3\Connection.php(48): CodeIgniter\Database\BaseConnection->initialize()
#2 C:\Users\System SYS\wp2\SistemInformasiSekolah-1\vendor\codeigniter4\framework\system\Test\DatabaseTestTrait.php(74): CodeIgniter\Database\SQLite3\Connection->initialize()
#3 C:\Users\System SYS\wp2\SistemInformasiSekolah-1\vendor\codeigniter4\framework\system\Test\DatabaseTestTrait.php(54): ExampleDatabaseTest->loadDependencies()
#4 C:\Users\System SYS\wp2\SistemInformasiSekolah-1\vendor\codeigniter4\framework\system\Test\CIUnitTestCase.php(248): ExampleDatabaseTest->setUpDatabase()
#5 C:\Users\System SYS\wp2\SistemInformasiSekolah-1\vendor\phpunit\phpunit\src\Framework\TestCase.php(1147): CodeIgniter\Test\CIUnitTestCase->setUp()
#6 C:\Users\System SYS\wp2\SistemInformasiSekolah-1\vendor\phpunit\phpunit\src\Framework\TestResult.php(728): PHPUnit\Framework\TestCase->runBare()
#7 C:\Users\System SYS\wp2\SistemInformasiSekolah-1\vendor\phpunit\phpunit\src\Framework\TestCase.php(904): PHPUnit\Framework\TestResult->run(Object(ExampleDatabaseTest))
#8 C:\Users\System SYS\wp2\SistemInformasiSekolah-1\vendor\phpunit\phpunit\src\Framework\TestSuite.php(673): PHPUnit\Framework\TestCase->run(Object(PHPUnit\Framework\TestResult))
#9 C:\Users\System SYS\wp2\SistemInformasiSekolah-1\vendor\phpunit\phpunit\src\Framework\TestSuite.php(673): PHPUnit\Framework\TestSuite->run(Object(PHPUnit\Framework\TestResult))
#10 C:\Users\System SYS\wp2\SistemInformasiSekolah-1\vendor\phpunit\phpunit\src\Framework\TestSuite.php(673): PHPUnit\Framework\TestSuite->run(Object(PHPUnit\Framework\TestResult))
#11 C:\Users\System SYS\wp2\SistemInformasiSekolah-1\vendor\phpunit\phpunit\src\TextUI\TestRunner.php(661): PHPUnit\Framework\TestSuite->run(Object(PHPUnit\Framework\TestResult))
#12 C:\Users\System SYS\wp2\SistemInformasiSekolah-1\vendor\phpunit\phpunit\src\TextUI\Command.php(144): PHPUnit\TextUI\TestRunner->run(Object(PHPUnit\Framework\TestSuite), Array, Array, true)
#13 C:\Users\System SYS\wp2\SistemInformasiSekolah-1\vendor\phpunit\phpunit\src\TextUI\Command.php(97): PHPUnit\TextUI\Command->run(Array, true)
#14 C:\Users\System SYS\wp2\SistemInformasiSekolah-1\vendor\phpunit\phpunit\phpunit(98): PHPUnit\TextUI\Command::main()
#15 C:\Users\System SYS\wp2\SistemInformasiSekolah-1\vendor\bin\phpunit(123): include('C:\\Users\\System...')
#16 {main}
ERROR - 2022-12-01 11:26:24 --> Error connecting to the database: Error: Class "SQLite3" not found in C:\Users\System SYS\wp2\SistemInformasiSekolah-1\vendor\codeigniter4\framework\system\Database\SQLite3\Connection.php:74
Stack trace:
#0 C:\Users\System SYS\wp2\SistemInformasiSekolah-1\vendor\codeigniter4\framework\system\Database\BaseConnection.php(382): CodeIgniter\Database\SQLite3\Connection->connect(false)
#1 C:\Users\System SYS\wp2\SistemInformasiSekolah-1\vendor\codeigniter4\framework\system\Database\SQLite3\Connection.php(48): CodeIgniter\Database\BaseConnection->initialize()
#2 C:\Users\System SYS\wp2\SistemInformasiSekolah-1\vendor\codeigniter4\framework\system\Test\DatabaseTestTrait.php(74): CodeIgniter\Database\SQLite3\Connection->initialize()
#3 C:\Users\System SYS\wp2\SistemInformasiSekolah-1\vendor\codeigniter4\framework\system\Test\DatabaseTestTrait.php(54): ExampleDatabaseTest->loadDependencies()
#4 C:\Users\System SYS\wp2\SistemInformasiSekolah-1\vendor\codeigniter4\framework\system\Test\CIUnitTestCase.php(248): ExampleDatabaseTest->setUpDatabase()
#5 C:\Users\System SYS\wp2\SistemInformasiSekolah-1\vendor\phpunit\phpunit\src\Framework\TestCase.php(1147): CodeIgniter\Test\CIUnitTestCase->setUp()
#6 C:\Users\System SYS\wp2\SistemInformasiSekolah-1\vendor\phpunit\phpunit\src\Framework\TestResult.php(728): PHPUnit\Framework\TestCase->runBare()
#7 C:\Users\System SYS\wp2\SistemInformasiSekolah-1\vendor\phpunit\phpunit\src\Framework\TestCase.php(904): PHPUnit\Framework\TestResult->run(Object(ExampleDatabaseTest))
#8 C:\Users\System SYS\wp2\SistemInformasiSekolah-1\vendor\phpunit\phpunit\src\Framework\TestSuite.php(673): PHPUnit\Framework\TestCase->run(Object(PHPUnit\Framework\TestResult))
#9 C:\Users\System SYS\wp2\SistemInformasiSekolah-1\vendor\phpunit\phpunit\src\Framework\TestSuite.php(673): PHPUnit\Framework\TestSuite->run(Object(PHPUnit\Framework\TestResult))
#10 C:\Users\System SYS\wp2\SistemInformasiSekolah-1\vendor\phpunit\phpunit\src\Framework\TestSuite.php(673): PHPUnit\Framework\TestSuite->run(Object(PHPUnit\Framework\TestResult))
#11 C:\Users\System SYS\wp2\SistemInformasiSekolah-1\vendor\phpunit\phpunit\src\TextUI\TestRunner.php(661): PHPUnit\Framework\TestSuite->run(Object(PHPUnit\Framework\TestResult))
#12 C:\Users\System SYS\wp2\SistemInformasiSekolah-1\vendor\phpunit\phpunit\src\TextUI\Command.php(144): PHPUnit\TextUI\TestRunner->run(Object(PHPUnit\Framework\TestSuite), Array, Array, true)
#13 C:\Users\System SYS\wp2\SistemInformasiSekolah-1\vendor\phpunit\phpunit\src\TextUI\Command.php(97): PHPUnit\TextUI\Command->run(Array, true)
#14 C:\Users\System SYS\wp2\SistemInformasiSekolah-1\vendor\phpunit\phpunit\phpunit(98): PHPUnit\TextUI\Command::main()
#15 C:\Users\System SYS\wp2\SistemInformasiSekolah-1\vendor\bin\phpunit(123): include('C:\\Users\\System...')
#16 {main}
ERROR - 2022-12-01 11:26:39 --> Error connecting to the database: Error: Class "SQLite3" not found in C:\Users\System SYS\wp2\SistemInformasiSekolah-1\vendor\codeigniter4\framework\system\Database\SQLite3\Connection.php:74
Stack trace:
#0 C:\Users\System SYS\wp2\SistemInformasiSekolah-1\vendor\codeigniter4\framework\system\Database\BaseConnection.php(382): CodeIgniter\Database\SQLite3\Connection->connect(false)
#1 C:\Users\System SYS\wp2\SistemInformasiSekolah-1\vendor\codeigniter4\framework\system\Database\SQLite3\Connection.php(48): CodeIgniter\Database\BaseConnection->initialize()
#2 C:\Users\System SYS\wp2\SistemInformasiSekolah-1\vendor\codeigniter4\framework\system\Test\DatabaseTestTrait.php(74): CodeIgniter\Database\SQLite3\Connection->initialize()
#3 C:\Users\System SYS\wp2\SistemInformasiSekolah-1\vendor\codeigniter4\framework\system\Test\DatabaseTestTrait.php(54): ExampleDatabaseTest->loadDependencies()
#4 C:\Users\System SYS\wp2\SistemInformasiSekolah-1\vendor\codeigniter4\framework\system\Test\CIUnitTestCase.php(248): ExampleDatabaseTest->setUpDatabase()
#5 C:\Users\System SYS\wp2\SistemInformasiSekolah-1\vendor\phpunit\phpunit\src\Framework\TestCase.php(1147): CodeIgniter\Test\CIUnitTestCase->setUp()
#6 C:\Users\System SYS\wp2\SistemInformasiSekolah-1\vendor\phpunit\phpunit\src\Framework\TestResult.php(728): PHPUnit\Framework\TestCase->runBare()
#7 C:\Users\System SYS\wp2\SistemInformasiSekolah-1\vendor\phpunit\phpunit\src\Framework\TestCase.php(904): PHPUnit\Framework\TestResult->run(Object(ExampleDatabaseTest))
#8 C:\Users\System SYS\wp2\SistemInformasiSekolah-1\vendor\phpunit\phpunit\src\Framework\TestSuite.php(673): PHPUnit\Framework\TestCase->run(Object(PHPUnit\Framework\TestResult))
#9 C:\Users\System SYS\wp2\SistemInformasiSekolah-1\vendor\phpunit\phpunit\src\Framework\TestSuite.php(673): PHPUnit\Framework\TestSuite->run(Object(PHPUnit\Framework\TestResult))
#10 C:\Users\System SYS\wp2\SistemInformasiSekolah-1\vendor\phpunit\phpunit\src\Framework\TestSuite.php(673): PHPUnit\Framework\TestSuite->run(Object(PHPUnit\Framework\TestResult))
#11 C:\Users\System SYS\wp2\SistemInformasiSekolah-1\vendor\phpunit\phpunit\src\TextUI\TestRunner.php(661): PHPUnit\Framework\TestSuite->run(Object(PHPUnit\Framework\TestResult))
#12 C:\Users\System SYS\wp2\SistemInformasiSekolah-1\vendor\phpunit\phpunit\src\TextUI\Command.php(144): PHPUnit\TextUI\TestRunner->run(Object(PHPUnit\Framework\TestSuite), Array, Array, true)
#13 C:\Users\System SYS\wp2\SistemInformasiSekolah-1\vendor\phpunit\phpunit\src\TextUI\Command.php(97): PHPUnit\TextUI\Command->run(Array, true)
#14 C:\Users\System SYS\wp2\SistemInformasiSekolah-1\vendor\phpunit\phpunit\phpunit(98): PHPUnit\TextUI\Command::main()
#15 C:\Users\System SYS\wp2\SistemInformasiSekolah-1\vendor\bin\phpunit(123): include('C:\\Users\\System...')
#16 {main}
ERROR - 2022-12-01 11:26:39 --> Error connecting to the database: Error: Class "SQLite3" not found in C:\Users\System SYS\wp2\SistemInformasiSekolah-1\vendor\codeigniter4\framework\system\Database\SQLite3\Connection.php:74
Stack trace:
#0 C:\Users\System SYS\wp2\SistemInformasiSekolah-1\vendor\codeigniter4\framework\system\Database\BaseConnection.php(382): CodeIgniter\Database\SQLite3\Connection->connect(false)
#1 C:\Users\System SYS\wp2\SistemInformasiSekolah-1\vendor\codeigniter4\framework\system\Database\SQLite3\Connection.php(48): CodeIgniter\Database\BaseConnection->initialize()
#2 C:\Users\System SYS\wp2\SistemInformasiSekolah-1\vendor\codeigniter4\framework\system\Test\DatabaseTestTrait.php(74): CodeIgniter\Database\SQLite3\Connection->initialize()
#3 C:\Users\System SYS\wp2\SistemInformasiSekolah-1\vendor\codeigniter4\framework\system\Test\DatabaseTestTrait.php(54): ExampleDatabaseTest->loadDependencies()
#4 C:\Users\System SYS\wp2\SistemInformasiSekolah-1\vendor\codeigniter4\framework\system\Test\CIUnitTestCase.php(248): ExampleDatabaseTest->setUpDatabase()
#5 C:\Users\System SYS\wp2\SistemInformasiSekolah-1\vendor\phpunit\phpunit\src\Framework\TestCase.php(1147): CodeIgniter\Test\CIUnitTestCase->setUp()
#6 C:\Users\System SYS\wp2\SistemInformasiSekolah-1\vendor\phpunit\phpunit\src\Framework\TestResult.php(728): PHPUnit\Framework\TestCase->runBare()
#7 C:\Users\System SYS\wp2\SistemInformasiSekolah-1\vendor\phpunit\phpunit\src\Framework\TestCase.php(904): PHPUnit\Framework\TestResult->run(Object(ExampleDatabaseTest))
#8 C:\Users\System SYS\wp2\SistemInformasiSekolah-1\vendor\phpunit\phpunit\src\Framework\TestSuite.php(673): PHPUnit\Framework\TestCase->run(Object(PHPUnit\Framework\TestResult))
#9 C:\Users\System SYS\wp2\SistemInformasiSekolah-1\vendor\phpunit\phpunit\src\Framework\TestSuite.php(673): PHPUnit\Framework\TestSuite->run(Object(PHPUnit\Framework\TestResult))
#10 C:\Users\System SYS\wp2\SistemInformasiSekolah-1\vendor\phpunit\phpunit\src\Framework\TestSuite.php(673): PHPUnit\Framework\TestSuite->run(Object(PHPUnit\Framework\TestResult))
#11 C:\Users\System SYS\wp2\SistemInformasiSekolah-1\vendor\phpunit\phpunit\src\TextUI\TestRunner.php(661): PHPUnit\Framework\TestSuite->run(Object(PHPUnit\Framework\TestResult))
#12 C:\Users\System SYS\wp2\SistemInformasiSekolah-1\vendor\phpunit\phpunit\src\TextUI\Command.php(144): PHPUnit\TextUI\TestRunner->run(Object(PHPUnit\Framework\TestSuite), Array, Array, true)
#13 C:\Users\System SYS\wp2\SistemInformasiSekolah-1\vendor\phpunit\phpunit\src\TextUI\Command.php(97): PHPUnit\TextUI\Command->run(Array, true)
#14 C:\Users\System SYS\wp2\SistemInformasiSekolah-1\vendor\phpunit\phpunit\phpunit(98): PHPUnit\TextUI\Command::main()
#15 C:\Users\System SYS\wp2\SistemInformasiSekolah-1\vendor\bin\phpunit(123): include('C:\\Users\\System...')
#16 {main}
