ERROR - 2022-12-05 02:09:27 --> mysqli_sql_exception: Unknown column 'fileberkas' in 'where clause' in C:\Users\System SYS\wp2\SistemInformasiSekolah-1\vendor\codeigniter4\framework\system\Database\MySQLi\Connection.php:292
Stack trace:
#0 C:\Users\System SYS\wp2\SistemInformasiSekolah-1\vendor\codeigniter4\framework\system\Database\MySQLi\Connection.php(292): mysqli->query('SELECT *\nFROM (...', 0)
#1 C:\Users\System SYS\wp2\SistemInformasiSekolah-1\vendor\codeigniter4\framework\system\Database\BaseConnection.php(666): CodeIgniter\Database\MySQLi\Connection->execute('SELECT *\nFROM (...')
#2 C:\Users\System SYS\wp2\SistemInformasiSekolah-1\vendor\codeigniter4\framework\system\Database\BaseConnection.php(593): CodeIgniter\Database\BaseConnection->simpleQuery('SELECT *\nFROM (...')
#3 C:\Users\System SYS\wp2\SistemInformasiSekolah-1\vendor\codeigniter4\framework\system\Database\BaseBuilder.php(1585): CodeIgniter\Database\BaseConnection->query('SELECT *\nFROM (...', Array, false)
#4 C:\Users\System SYS\wp2\SistemInformasiSekolah-1\vendor\agoenxz21\datatables\src\Datatable.php(189): CodeIgniter\Database\BaseBuilder->get()
#5 C:\Users\System SYS\wp2\SistemInformasiSekolah-1\vendor\agoenxz21\datatables\src\Datatable.php(82): Agoenxz21\Datatables\Datatable->getResult()
#6 C:\Users\System SYS\wp2\SistemInformasiSekolah-1\app\Controllers\PegawaiController.php(101): Agoenxz21\Datatables\Datatable->draw()
#7 C:\Users\System SYS\wp2\SistemInformasiSekolah-1\vendor\codeigniter4\framework\system\CodeIgniter.php(927): App\Controllers\PegawaiController->all()
#8 C:\Users\System SYS\wp2\SistemInformasiSekolah-1\vendor\codeigniter4\framework\system\CodeIgniter.php(482): CodeIgniter\CodeIgniter->runController(Object(App\Controllers\PegawaiController))
#9 C:\Users\System SYS\wp2\SistemInformasiSekolah-1\vendor\codeigniter4\framework\system\CodeIgniter.php(351): CodeIgniter\CodeIgniter->handleRequest(NULL, Object(Config\Cache), false)
#10 C:\Users\System SYS\wp2\SistemInformasiSekolah-1\public\index.php(67): CodeIgniter\CodeIgniter->run()
#11 C:\Users\System SYS\wp2\SistemInformasiSekolah-1\vendor\codeigniter4\framework\system\Commands\Server\rewrite.php(46): require_once('C:\\Users\\System...')
#12 {main}
CRITICAL - 2022-12-05 02:09:27 --> Unknown column 'fileberkas' in 'where clause'
in SYSTEMPATH\Database\MySQLi\Connection.php on line 292.
 1 SYSTEMPATH\Database\MySQLi\Connection.php(292): mysqli->query('SELECT *
FROM (SELECT `pegawai`.*, `bagian`.`nama` FROM `pegawai` JOIN `bagian` ON `bagian`.`id`=`bagian_id`) `tbl`
WHERE   (
`nip` LIKE \'%3%\' ESCAPE \'!\'
OR  `nama_depan` LIKE \'%3%\' ESCAPE \'!\'
OR  `gelar_depan` LIKE \'%3%\' ESCAPE \'!\'
OR  `gender` LIKE \'%3%\' ESCAPE \'!\'
OR  `email` LIKE \'%3%\' ESCAPE \'!\'
OR  `nama` LIKE \'%3%\' ESCAPE \'!\'
OR  `fileberkas` LIKE \'%3%\' ESCAPE \'!\'
OR  `id` LIKE \'%3%\' ESCAPE \'!\'
 )
 LIMIT 10', 0)
 2 SYSTEMPATH\Database\BaseConnection.php(666): CodeIgniter\Database\MySQLi\Connection->execute('SELECT *
FROM (SELECT `pegawai`.*, `bagian`.`nama` FROM `pegawai` JOIN `bagian` ON `bagian`.`id`=`bagian_id`) `tbl`
WHERE   (
`nip` LIKE \'%3%\' ESCAPE \'!\'
OR  `nama_depan` LIKE \'%3%\' ESCAPE \'!\'
OR  `gelar_depan` LIKE \'%3%\' ESCAPE \'!\'
OR  `gender` LIKE \'%3%\' ESCAPE \'!\'
OR  `email` LIKE \'%3%\' ESCAPE \'!\'
OR  `nama` LIKE \'%3%\' ESCAPE \'!\'
OR  `fileberkas` LIKE \'%3%\' ESCAPE \'!\'
OR  `id` LIKE \'%3%\' ESCAPE \'!\'
 )
 LIMIT 10')
 3 SYSTEMPATH\Database\BaseConnection.php(593): CodeIgniter\Database\BaseConnection->simpleQuery('SELECT *
FROM (SELECT `pegawai`.*, `bagian`.`nama` FROM `pegawai` JOIN `bagian` ON `bagian`.`id`=`bagian_id`) `tbl`
WHERE   (
`nip` LIKE \'%3%\' ESCAPE \'!\'
OR  `nama_depan` LIKE \'%3%\' ESCAPE \'!\'
OR  `gelar_depan` LIKE \'%3%\' ESCAPE \'!\'
OR  `gender` LIKE \'%3%\' ESCAPE \'!\'
OR  `email` LIKE \'%3%\' ESCAPE \'!\'
OR  `nama` LIKE \'%3%\' ESCAPE \'!\'
OR  `fileberkas` LIKE \'%3%\' ESCAPE \'!\'
OR  `id` LIKE \'%3%\' ESCAPE \'!\'
 )
 LIMIT 10')
 4 SYSTEMPATH\Database\BaseBuilder.php(1585): CodeIgniter\Database\BaseConnection->query('SELECT *
FROM (SELECT `pegawai`.*, `bagian`.`nama` FROM `pegawai` JOIN `bagian` ON `bagian`.`id`=`bagian_id`) `tbl`
WHERE   (
`nip` LIKE :nip: ESCAPE \'!\'
OR  `nama_depan` LIKE :nama_depan: ESCAPE \'!\'
OR  `gelar_depan` LIKE :gelar_depan: ESCAPE \'!\'
OR  `gender` LIKE :gender: ESCAPE \'!\'
OR  `email` LIKE :email: ESCAPE \'!\'
OR  `nama` LIKE :nama: ESCAPE \'!\'
OR  `fileberkas` LIKE :fileberkas: ESCAPE \'!\'
OR  `id` LIKE :id: ESCAPE \'!\'
 )
 LIMIT 10', [...], false)
 5 VENDORPATH\agoenxz21\datatables\src\Datatable.php(189): CodeIgniter\Database\BaseBuilder->get()
 6 VENDORPATH\agoenxz21\datatables\src\Datatable.php(82): Agoenxz21\Datatables\Datatable->getResult()
 7 APPPATH\Controllers\PegawaiController.php(101): Agoenxz21\Datatables\Datatable->draw()
 8 SYSTEMPATH\CodeIgniter.php(927): App\Controllers\PegawaiController->all()
 9 SYSTEMPATH\CodeIgniter.php(482): CodeIgniter\CodeIgniter->runController(Object(App\Controllers\PegawaiController))
10 SYSTEMPATH\CodeIgniter.php(351): CodeIgniter\CodeIgniter->handleRequest(null, Object(Config\Cache), false)
11 FCPATH\index.php(67): CodeIgniter\CodeIgniter->run()
12 SYSTEMPATH\Commands\Server\rewrite.php(46): require_once('FCPATH\\index.php')
ERROR - 2022-12-05 02:09:35 --> mysqli_sql_exception: Unknown column 'fileberkas' in 'where clause' in C:\Users\System SYS\wp2\SistemInformasiSekolah-1\vendor\codeigniter4\framework\system\Database\MySQLi\Connection.php:292
Stack trace:
#0 C:\Users\System SYS\wp2\SistemInformasiSekolah-1\vendor\codeigniter4\framework\system\Database\MySQLi\Connection.php(292): mysqli->query('SELECT *\nFROM (...', 0)
#1 C:\Users\System SYS\wp2\SistemInformasiSekolah-1\vendor\codeigniter4\framework\system\Database\BaseConnection.php(666): CodeIgniter\Database\MySQLi\Connection->execute('SELECT *\nFROM (...')
#2 C:\Users\System SYS\wp2\SistemInformasiSekolah-1\vendor\codeigniter4\framework\system\Database\BaseConnection.php(593): CodeIgniter\Database\BaseConnection->simpleQuery('SELECT *\nFROM (...')
#3 C:\Users\System SYS\wp2\SistemInformasiSekolah-1\vendor\codeigniter4\framework\system\Database\BaseBuilder.php(1585): CodeIgniter\Database\BaseConnection->query('SELECT *\nFROM (...', Array, false)
#4 C:\Users\System SYS\wp2\SistemInformasiSekolah-1\vendor\agoenxz21\datatables\src\Datatable.php(189): CodeIgniter\Database\BaseBuilder->get()
#5 C:\Users\System SYS\wp2\SistemInformasiSekolah-1\vendor\agoenxz21\datatables\src\Datatable.php(82): Agoenxz21\Datatables\Datatable->getResult()
#6 C:\Users\System SYS\wp2\SistemInformasiSekolah-1\app\Controllers\PegawaiController.php(101): Agoenxz21\Datatables\Datatable->draw()
#7 C:\Users\System SYS\wp2\SistemInformasiSekolah-1\vendor\codeigniter4\framework\system\CodeIgniter.php(927): App\Controllers\PegawaiController->all()
#8 C:\Users\System SYS\wp2\SistemInformasiSekolah-1\vendor\codeigniter4\framework\system\CodeIgniter.php(482): CodeIgniter\CodeIgniter->runController(Object(App\Controllers\PegawaiController))
#9 C:\Users\System SYS\wp2\SistemInformasiSekolah-1\vendor\codeigniter4\framework\system\CodeIgniter.php(351): CodeIgniter\CodeIgniter->handleRequest(NULL, Object(Config\Cache), false)
#10 C:\Users\System SYS\wp2\SistemInformasiSekolah-1\public\index.php(67): CodeIgniter\CodeIgniter->run()
#11 C:\Users\System SYS\wp2\SistemInformasiSekolah-1\vendor\codeigniter4\framework\system\Commands\Server\rewrite.php(46): require_once('C:\\Users\\System...')
#12 {main}
CRITICAL - 2022-12-05 02:09:35 --> Unknown column 'fileberkas' in 'where clause'
in SYSTEMPATH\Database\MySQLi\Connection.php on line 292.
 1 SYSTEMPATH\Database\MySQLi\Connection.php(292): mysqli->query('SELECT *
FROM (SELECT `pegawai`.*, `bagian`.`nama` FROM `pegawai` JOIN `bagian` ON `bagian`.`id`=`bagian_id`) `tbl`
WHERE   (
`nip` LIKE \'%321%\' ESCAPE \'!\'
OR  `nama_depan` LIKE \'%321%\' ESCAPE \'!\'
OR  `gelar_depan` LIKE \'%321%\' ESCAPE \'!\'
OR  `gender` LIKE \'%321%\' ESCAPE \'!\'
OR  `email` LIKE \'%321%\' ESCAPE \'!\'
OR  `nama` LIKE \'%321%\' ESCAPE \'!\'
OR  `fileberkas` LIKE \'%321%\' ESCAPE \'!\'
OR  `id` LIKE \'%321%\' ESCAPE \'!\'
 )
 LIMIT 10', 0)
 2 SYSTEMPATH\Database\BaseConnection.php(666): CodeIgniter\Database\MySQLi\Connection->execute('SELECT *
FROM (SELECT `pegawai`.*, `bagian`.`nama` FROM `pegawai` JOIN `bagian` ON `bagian`.`id`=`bagian_id`) `tbl`
WHERE   (
`nip` LIKE \'%321%\' ESCAPE \'!\'
OR  `nama_depan` LIKE \'%321%\' ESCAPE \'!\'
OR  `gelar_depan` LIKE \'%321%\' ESCAPE \'!\'
OR  `gender` LIKE \'%321%\' ESCAPE \'!\'
OR  `email` LIKE \'%321%\' ESCAPE \'!\'
OR  `nama` LIKE \'%321%\' ESCAPE \'!\'
OR  `fileberkas` LIKE \'%321%\' ESCAPE \'!\'
OR  `id` LIKE \'%321%\' ESCAPE \'!\'
 )
 LIMIT 10')
 3 SYSTEMPATH\Database\BaseConnection.php(593): CodeIgniter\Database\BaseConnection->simpleQuery('SELECT *
FROM (SELECT `pegawai`.*, `bagian`.`nama` FROM `pegawai` JOIN `bagian` ON `bagian`.`id`=`bagian_id`) `tbl`
WHERE   (
`nip` LIKE \'%321%\' ESCAPE \'!\'
OR  `nama_depan` LIKE \'%321%\' ESCAPE \'!\'
OR  `gelar_depan` LIKE \'%321%\' ESCAPE \'!\'
OR  `gender` LIKE \'%321%\' ESCAPE \'!\'
OR  `email` LIKE \'%321%\' ESCAPE \'!\'
OR  `nama` LIKE \'%321%\' ESCAPE \'!\'
OR  `fileberkas` LIKE \'%321%\' ESCAPE \'!\'
OR  `id` LIKE \'%321%\' ESCAPE \'!\'
 )
 LIMIT 10')
 4 SYSTEMPATH\Database\BaseBuilder.php(1585): CodeIgniter\Database\BaseConnection->query('SELECT *
FROM (SELECT `pegawai`.*, `bagian`.`nama` FROM `pegawai` JOIN `bagian` ON `bagian`.`id`=`bagian_id`) `tbl`
WHERE   (
`nip` LIKE :nip: ESCAPE \'!\'
OR  `nama_depan` LIKE :nama_depan: ESCAPE \'!\'
OR  `gelar_depan` LIKE :gelar_depan: ESCAPE \'!\'
OR  `gender` LIKE :gender: ESCAPE \'!\'
OR  `email` LIKE :email: ESCAPE \'!\'
OR  `nama` LIKE :nama: ESCAPE \'!\'
OR  `fileberkas` LIKE :fileberkas: ESCAPE \'!\'
OR  `id` LIKE :id: ESCAPE \'!\'
 )
 LIMIT 10', [...], false)
 5 VENDORPATH\agoenxz21\datatables\src\Datatable.php(189): CodeIgniter\Database\BaseBuilder->get()
 6 VENDORPATH\agoenxz21\datatables\src\Datatable.php(82): Agoenxz21\Datatables\Datatable->getResult()
 7 APPPATH\Controllers\PegawaiController.php(101): Agoenxz21\Datatables\Datatable->draw()
 8 SYSTEMPATH\CodeIgniter.php(927): App\Controllers\PegawaiController->all()
 9 SYSTEMPATH\CodeIgniter.php(482): CodeIgniter\CodeIgniter->runController(Object(App\Controllers\PegawaiController))
10 SYSTEMPATH\CodeIgniter.php(351): CodeIgniter\CodeIgniter->handleRequest(null, Object(Config\Cache), false)
11 FCPATH\index.php(67): CodeIgniter\CodeIgniter->run()
12 SYSTEMPATH\Commands\Server\rewrite.php(46): require_once('FCPATH\\index.php')
ERROR - 2022-12-05 02:09:55 --> mysqli_sql_exception: Unknown column 'fileberkas' in 'where clause' in C:\Users\System SYS\wp2\SistemInformasiSekolah-1\vendor\codeigniter4\framework\system\Database\MySQLi\Connection.php:292
Stack trace:
#0 C:\Users\System SYS\wp2\SistemInformasiSekolah-1\vendor\codeigniter4\framework\system\Database\MySQLi\Connection.php(292): mysqli->query('SELECT *\nFROM (...', 0)
#1 C:\Users\System SYS\wp2\SistemInformasiSekolah-1\vendor\codeigniter4\framework\system\Database\BaseConnection.php(666): CodeIgniter\Database\MySQLi\Connection->execute('SELECT *\nFROM (...')
#2 C:\Users\System SYS\wp2\SistemInformasiSekolah-1\vendor\codeigniter4\framework\system\Database\BaseConnection.php(593): CodeIgniter\Database\BaseConnection->simpleQuery('SELECT *\nFROM (...')
#3 C:\Users\System SYS\wp2\SistemInformasiSekolah-1\vendor\codeigniter4\framework\system\Database\BaseBuilder.php(1585): CodeIgniter\Database\BaseConnection->query('SELECT *\nFROM (...', Array, false)
#4 C:\Users\System SYS\wp2\SistemInformasiSekolah-1\vendor\agoenxz21\datatables\src\Datatable.php(189): CodeIgniter\Database\BaseBuilder->get()
#5 C:\Users\System SYS\wp2\SistemInformasiSekolah-1\vendor\agoenxz21\datatables\src\Datatable.php(82): Agoenxz21\Datatables\Datatable->getResult()
#6 C:\Users\System SYS\wp2\SistemInformasiSekolah-1\app\Controllers\PegawaiController.php(101): Agoenxz21\Datatables\Datatable->draw()
#7 C:\Users\System SYS\wp2\SistemInformasiSekolah-1\vendor\codeigniter4\framework\system\CodeIgniter.php(927): App\Controllers\PegawaiController->all()
#8 C:\Users\System SYS\wp2\SistemInformasiSekolah-1\vendor\codeigniter4\framework\system\CodeIgniter.php(482): CodeIgniter\CodeIgniter->runController(Object(App\Controllers\PegawaiController))
#9 C:\Users\System SYS\wp2\SistemInformasiSekolah-1\vendor\codeigniter4\framework\system\CodeIgniter.php(351): CodeIgniter\CodeIgniter->handleRequest(NULL, Object(Config\Cache), false)
#10 C:\Users\System SYS\wp2\SistemInformasiSekolah-1\public\index.php(67): CodeIgniter\CodeIgniter->run()
#11 C:\Users\System SYS\wp2\SistemInformasiSekolah-1\vendor\codeigniter4\framework\system\Commands\Server\rewrite.php(46): require_once('C:\\Users\\System...')
#12 {main}
CRITICAL - 2022-12-05 02:09:55 --> Unknown column 'fileberkas' in 'where clause'
in SYSTEMPATH\Database\MySQLi\Connection.php on line 292.
 1 SYSTEMPATH\Database\MySQLi\Connection.php(292): mysqli->query('SELECT *
FROM (SELECT `pegawai`.*, `bagian`.`nama` FROM `pegawai` JOIN `bagian` ON `bagian`.`id`=`bagian_id`) `tbl`
WHERE   (
`nip` LIKE \'%3%\' ESCAPE \'!\'
OR  `nama_depan` LIKE \'%3%\' ESCAPE \'!\'
OR  `gelar_depan` LIKE \'%3%\' ESCAPE \'!\'
OR  `gender` LIKE \'%3%\' ESCAPE \'!\'
OR  `email` LIKE \'%3%\' ESCAPE \'!\'
OR  `nama` LIKE \'%3%\' ESCAPE \'!\'
OR  `fileberkas` LIKE \'%3%\' ESCAPE \'!\'
OR  `id` LIKE \'%3%\' ESCAPE \'!\'
 )
 LIMIT 10', 0)
 2 SYSTEMPATH\Database\BaseConnection.php(666): CodeIgniter\Database\MySQLi\Connection->execute('SELECT *
FROM (SELECT `pegawai`.*, `bagian`.`nama` FROM `pegawai` JOIN `bagian` ON `bagian`.`id`=`bagian_id`) `tbl`
WHERE   (
`nip` LIKE \'%3%\' ESCAPE \'!\'
OR  `nama_depan` LIKE \'%3%\' ESCAPE \'!\'
OR  `gelar_depan` LIKE \'%3%\' ESCAPE \'!\'
OR  `gender` LIKE \'%3%\' ESCAPE \'!\'
OR  `email` LIKE \'%3%\' ESCAPE \'!\'
OR  `nama` LIKE \'%3%\' ESCAPE \'!\'
OR  `fileberkas` LIKE \'%3%\' ESCAPE \'!\'
OR  `id` LIKE \'%3%\' ESCAPE \'!\'
 )
 LIMIT 10')
 3 SYSTEMPATH\Database\BaseConnection.php(593): CodeIgniter\Database\BaseConnection->simpleQuery('SELECT *
FROM (SELECT `pegawai`.*, `bagian`.`nama` FROM `pegawai` JOIN `bagian` ON `bagian`.`id`=`bagian_id`) `tbl`
WHERE   (
`nip` LIKE \'%3%\' ESCAPE \'!\'
OR  `nama_depan` LIKE \'%3%\' ESCAPE \'!\'
OR  `gelar_depan` LIKE \'%3%\' ESCAPE \'!\'
OR  `gender` LIKE \'%3%\' ESCAPE \'!\'
OR  `email` LIKE \'%3%\' ESCAPE \'!\'
OR  `nama` LIKE \'%3%\' ESCAPE \'!\'
OR  `fileberkas` LIKE \'%3%\' ESCAPE \'!\'
OR  `id` LIKE \'%3%\' ESCAPE \'!\'
 )
 LIMIT 10')
 4 SYSTEMPATH\Database\BaseBuilder.php(1585): CodeIgniter\Database\BaseConnection->query('SELECT *
FROM (SELECT `pegawai`.*, `bagian`.`nama` FROM `pegawai` JOIN `bagian` ON `bagian`.`id`=`bagian_id`) `tbl`
WHERE   (
`nip` LIKE :nip: ESCAPE \'!\'
OR  `nama_depan` LIKE :nama_depan: ESCAPE \'!\'
OR  `gelar_depan` LIKE :gelar_depan: ESCAPE \'!\'
OR  `gender` LIKE :gender: ESCAPE \'!\'
OR  `email` LIKE :email: ESCAPE \'!\'
OR  `nama` LIKE :nama: ESCAPE \'!\'
OR  `fileberkas` LIKE :fileberkas: ESCAPE \'!\'
OR  `id` LIKE :id: ESCAPE \'!\'
 )
 LIMIT 10', [...], false)
 5 VENDORPATH\agoenxz21\datatables\src\Datatable.php(189): CodeIgniter\Database\BaseBuilder->get()
 6 VENDORPATH\agoenxz21\datatables\src\Datatable.php(82): Agoenxz21\Datatables\Datatable->getResult()
 7 APPPATH\Controllers\PegawaiController.php(101): Agoenxz21\Datatables\Datatable->draw()
 8 SYSTEMPATH\CodeIgniter.php(927): App\Controllers\PegawaiController->all()
 9 SYSTEMPATH\CodeIgniter.php(482): CodeIgniter\CodeIgniter->runController(Object(App\Controllers\PegawaiController))
10 SYSTEMPATH\CodeIgniter.php(351): CodeIgniter\CodeIgniter->handleRequest(null, Object(Config\Cache), false)
11 FCPATH\index.php(67): CodeIgniter\CodeIgniter->run()
12 SYSTEMPATH\Commands\Server\rewrite.php(46): require_once('FCPATH\\index.php')
CRITICAL - 2022-12-05 02:31:25 --> Call to a member function hasMoved() on null
in APPPATH\Controllers\PegawaiController.php on line 179.
 1 APPPATH\Controllers\PegawaiController.php(132): App\Controllers\PegawaiController->savefile(5)
 2 SYSTEMPATH\CodeIgniter.php(927): App\Controllers\PegawaiController->store()
 3 SYSTEMPATH\CodeIgniter.php(482): CodeIgniter\CodeIgniter->runController(Object(App\Controllers\PegawaiController))
 4 SYSTEMPATH\CodeIgniter.php(351): CodeIgniter\CodeIgniter->handleRequest(null, Object(Config\Cache), false)
 5 FCPATH\index.php(67): CodeIgniter\CodeIgniter->run()
 6 SYSTEMPATH\Commands\Server\rewrite.php(46): require_once('FCPATH\\index.php')
ERROR - 2022-12-05 02:44:35 --> mysqli_sql_exception: Cannot delete or update a parent row: a foreign key constraint fails (`sis`.`pegawai`, CONSTRAINT `Pegawai_bagian_id_foreign` FOREIGN KEY (`bagian_id`) REFERENCES `bagian` (`id`) ON UPDATE CASCADE) in C:\Users\System SYS\wp2\SistemInformasiSekolah-1\vendor\codeigniter4\framework\system\Database\MySQLi\Connection.php:292
Stack trace:
#0 C:\Users\System SYS\wp2\SistemInformasiSekolah-1\vendor\codeigniter4\framework\system\Database\MySQLi\Connection.php(292): mysqli->query('DELETE FROM `ba...', 0)
#1 C:\Users\System SYS\wp2\SistemInformasiSekolah-1\vendor\codeigniter4\framework\system\Database\BaseConnection.php(666): CodeIgniter\Database\MySQLi\Connection->execute('DELETE FROM `ba...')
#2 C:\Users\System SYS\wp2\SistemInformasiSekolah-1\vendor\codeigniter4\framework\system\Database\BaseConnection.php(593): CodeIgniter\Database\BaseConnection->simpleQuery('DELETE FROM `ba...')
#3 C:\Users\System SYS\wp2\SistemInformasiSekolah-1\vendor\codeigniter4\framework\system\Database\BaseBuilder.php(2391): CodeIgniter\Database\BaseConnection->query('DELETE FROM `ba...', Array, false)
#4 C:\Users\System SYS\wp2\SistemInformasiSekolah-1\vendor\codeigniter4\framework\system\Model.php(401): CodeIgniter\Database\BaseBuilder->delete()
#5 C:\Users\System SYS\wp2\SistemInformasiSekolah-1\vendor\codeigniter4\framework\system\BaseModel.php(984): CodeIgniter\Model->doDelete(Array, false)
#6 C:\Users\System SYS\wp2\SistemInformasiSekolah-1\app\Controllers\BagianController.php(60): CodeIgniter\BaseModel->delete(Array)
#7 C:\Users\System SYS\wp2\SistemInformasiSekolah-1\vendor\codeigniter4\framework\system\CodeIgniter.php(927): App\Controllers\BagianController->delete()
#8 C:\Users\System SYS\wp2\SistemInformasiSekolah-1\vendor\codeigniter4\framework\system\CodeIgniter.php(482): CodeIgniter\CodeIgniter->runController(Object(App\Controllers\BagianController))
#9 C:\Users\System SYS\wp2\SistemInformasiSekolah-1\vendor\codeigniter4\framework\system\CodeIgniter.php(351): CodeIgniter\CodeIgniter->handleRequest(NULL, Object(Config\Cache), false)
#10 C:\Users\System SYS\wp2\SistemInformasiSekolah-1\public\index.php(67): CodeIgniter\CodeIgniter->run()
#11 C:\Users\System SYS\wp2\SistemInformasiSekolah-1\vendor\codeigniter4\framework\system\Commands\Server\rewrite.php(46): require_once('C:\\Users\\System...')
#12 {main}
CRITICAL - 2022-12-05 02:44:35 --> Cannot delete or update a parent row: a foreign key constraint fails (`sis`.`pegawai`, CONSTRAINT `Pegawai_bagian_id_foreign` FOREIGN KEY (`bagian_id`) REFERENCES `bagian` (`id`) ON UPDATE CASCADE)
in SYSTEMPATH\Database\MySQLi\Connection.php on line 292.
 1 SYSTEMPATH\Database\MySQLi\Connection.php(292): mysqli->query('DELETE FROM `bagian`
WHERE `id` IN (\'1\')', 0)
 2 SYSTEMPATH\Database\BaseConnection.php(666): CodeIgniter\Database\MySQLi\Connection->execute('DELETE FROM `bagian`
WHERE `id` IN (\'1\')')
 3 SYSTEMPATH\Database\BaseConnection.php(593): CodeIgniter\Database\BaseConnection->simpleQuery('DELETE FROM `bagian`
WHERE `id` IN (\'1\')')
 4 SYSTEMPATH\Database\BaseBuilder.php(2391): CodeIgniter\Database\BaseConnection->query('DELETE FROM `bagian`
WHERE `id` IN :id:', [...], false)
 5 SYSTEMPATH\Model.php(401): CodeIgniter\Database\BaseBuilder->delete()
 6 SYSTEMPATH\BaseModel.php(984): CodeIgniter\Model->doDelete([...], false)
 7 APPPATH\Controllers\BagianController.php(60): CodeIgniter\BaseModel->delete([...])
 8 SYSTEMPATH\CodeIgniter.php(927): App\Controllers\BagianController->delete()
 9 SYSTEMPATH\CodeIgniter.php(482): CodeIgniter\CodeIgniter->runController(Object(App\Controllers\BagianController))
10 SYSTEMPATH\CodeIgniter.php(351): CodeIgniter\CodeIgniter->handleRequest(null, Object(Config\Cache), false)
11 FCPATH\index.php(67): CodeIgniter\CodeIgniter->run()
12 SYSTEMPATH\Commands\Server\rewrite.php(46): require_once('FCPATH\\index.php')
ERROR - 2022-12-05 02:44:41 --> mysqli_sql_exception: Cannot delete or update a parent row: a foreign key constraint fails (`sis`.`pegawai`, CONSTRAINT `Pegawai_bagian_id_foreign` FOREIGN KEY (`bagian_id`) REFERENCES `bagian` (`id`) ON UPDATE CASCADE) in C:\Users\System SYS\wp2\SistemInformasiSekolah-1\vendor\codeigniter4\framework\system\Database\MySQLi\Connection.php:292
Stack trace:
#0 C:\Users\System SYS\wp2\SistemInformasiSekolah-1\vendor\codeigniter4\framework\system\Database\MySQLi\Connection.php(292): mysqli->query('DELETE FROM `ba...', 0)
#1 C:\Users\System SYS\wp2\SistemInformasiSekolah-1\vendor\codeigniter4\framework\system\Database\BaseConnection.php(666): CodeIgniter\Database\MySQLi\Connection->execute('DELETE FROM `ba...')
#2 C:\Users\System SYS\wp2\SistemInformasiSekolah-1\vendor\codeigniter4\framework\system\Database\BaseConnection.php(593): CodeIgniter\Database\BaseConnection->simpleQuery('DELETE FROM `ba...')
#3 C:\Users\System SYS\wp2\SistemInformasiSekolah-1\vendor\codeigniter4\framework\system\Database\BaseBuilder.php(2391): CodeIgniter\Database\BaseConnection->query('DELETE FROM `ba...', Array, false)
#4 C:\Users\System SYS\wp2\SistemInformasiSekolah-1\vendor\codeigniter4\framework\system\Model.php(401): CodeIgniter\Database\BaseBuilder->delete()
#5 C:\Users\System SYS\wp2\SistemInformasiSekolah-1\vendor\codeigniter4\framework\system\BaseModel.php(984): CodeIgniter\Model->doDelete(Array, false)
#6 C:\Users\System SYS\wp2\SistemInformasiSekolah-1\app\Controllers\BagianController.php(60): CodeIgniter\BaseModel->delete(Array)
#7 C:\Users\System SYS\wp2\SistemInformasiSekolah-1\vendor\codeigniter4\framework\system\CodeIgniter.php(927): App\Controllers\BagianController->delete()
#8 C:\Users\System SYS\wp2\SistemInformasiSekolah-1\vendor\codeigniter4\framework\system\CodeIgniter.php(482): CodeIgniter\CodeIgniter->runController(Object(App\Controllers\BagianController))
#9 C:\Users\System SYS\wp2\SistemInformasiSekolah-1\vendor\codeigniter4\framework\system\CodeIgniter.php(351): CodeIgniter\CodeIgniter->handleRequest(NULL, Object(Config\Cache), false)
#10 C:\Users\System SYS\wp2\SistemInformasiSekolah-1\public\index.php(67): CodeIgniter\CodeIgniter->run()
#11 C:\Users\System SYS\wp2\SistemInformasiSekolah-1\vendor\codeigniter4\framework\system\Commands\Server\rewrite.php(46): require_once('C:\\Users\\System...')
#12 {main}
CRITICAL - 2022-12-05 02:44:41 --> Cannot delete or update a parent row: a foreign key constraint fails (`sis`.`pegawai`, CONSTRAINT `Pegawai_bagian_id_foreign` FOREIGN KEY (`bagian_id`) REFERENCES `bagian` (`id`) ON UPDATE CASCADE)
in SYSTEMPATH\Database\MySQLi\Connection.php on line 292.
 1 SYSTEMPATH\Database\MySQLi\Connection.php(292): mysqli->query('DELETE FROM `bagian`
WHERE `id` IN (\'3\')', 0)
 2 SYSTEMPATH\Database\BaseConnection.php(666): CodeIgniter\Database\MySQLi\Connection->execute('DELETE FROM `bagian`
WHERE `id` IN (\'3\')')
 3 SYSTEMPATH\Database\BaseConnection.php(593): CodeIgniter\Database\BaseConnection->simpleQuery('DELETE FROM `bagian`
WHERE `id` IN (\'3\')')
 4 SYSTEMPATH\Database\BaseBuilder.php(2391): CodeIgniter\Database\BaseConnection->query('DELETE FROM `bagian`
WHERE `id` IN :id:', [...], false)
 5 SYSTEMPATH\Model.php(401): CodeIgniter\Database\BaseBuilder->delete()
 6 SYSTEMPATH\BaseModel.php(984): CodeIgniter\Model->doDelete([...], false)
 7 APPPATH\Controllers\BagianController.php(60): CodeIgniter\BaseModel->delete([...])
 8 SYSTEMPATH\CodeIgniter.php(927): App\Controllers\BagianController->delete()
 9 SYSTEMPATH\CodeIgniter.php(482): CodeIgniter\CodeIgniter->runController(Object(App\Controllers\BagianController))
10 SYSTEMPATH\CodeIgniter.php(351): CodeIgniter\CodeIgniter->handleRequest(null, Object(Config\Cache), false)
11 FCPATH\index.php(67): CodeIgniter\CodeIgniter->run()
12 SYSTEMPATH\Commands\Server\rewrite.php(46): require_once('FCPATH\\index.php')
ERROR - 2022-12-05 02:44:46 --> mysqli_sql_exception: Cannot delete or update a parent row: a foreign key constraint fails (`sis`.`pegawai`, CONSTRAINT `Pegawai_bagian_id_foreign` FOREIGN KEY (`bagian_id`) REFERENCES `bagian` (`id`) ON UPDATE CASCADE) in C:\Users\System SYS\wp2\SistemInformasiSekolah-1\vendor\codeigniter4\framework\system\Database\MySQLi\Connection.php:292
Stack trace:
#0 C:\Users\System SYS\wp2\SistemInformasiSekolah-1\vendor\codeigniter4\framework\system\Database\MySQLi\Connection.php(292): mysqli->query('DELETE FROM `ba...', 0)
#1 C:\Users\System SYS\wp2\SistemInformasiSekolah-1\vendor\codeigniter4\framework\system\Database\BaseConnection.php(666): CodeIgniter\Database\MySQLi\Connection->execute('DELETE FROM `ba...')
#2 C:\Users\System SYS\wp2\SistemInformasiSekolah-1\vendor\codeigniter4\framework\system\Database\BaseConnection.php(593): CodeIgniter\Database\BaseConnection->simpleQuery('DELETE FROM `ba...')
#3 C:\Users\System SYS\wp2\SistemInformasiSekolah-1\vendor\codeigniter4\framework\system\Database\BaseBuilder.php(2391): CodeIgniter\Database\BaseConnection->query('DELETE FROM `ba...', Array, false)
#4 C:\Users\System SYS\wp2\SistemInformasiSekolah-1\vendor\codeigniter4\framework\system\Model.php(401): CodeIgniter\Database\BaseBuilder->delete()
#5 C:\Users\System SYS\wp2\SistemInformasiSekolah-1\vendor\codeigniter4\framework\system\BaseModel.php(984): CodeIgniter\Model->doDelete(Array, false)
#6 C:\Users\System SYS\wp2\SistemInformasiSekolah-1\app\Controllers\BagianController.php(60): CodeIgniter\BaseModel->delete(Array)
#7 C:\Users\System SYS\wp2\SistemInformasiSekolah-1\vendor\codeigniter4\framework\system\CodeIgniter.php(927): App\Controllers\BagianController->delete()
#8 C:\Users\System SYS\wp2\SistemInformasiSekolah-1\vendor\codeigniter4\framework\system\CodeIgniter.php(482): CodeIgniter\CodeIgniter->runController(Object(App\Controllers\BagianController))
#9 C:\Users\System SYS\wp2\SistemInformasiSekolah-1\vendor\codeigniter4\framework\system\CodeIgniter.php(351): CodeIgniter\CodeIgniter->handleRequest(NULL, Object(Config\Cache), false)
#10 C:\Users\System SYS\wp2\SistemInformasiSekolah-1\public\index.php(67): CodeIgniter\CodeIgniter->run()
#11 C:\Users\System SYS\wp2\SistemInformasiSekolah-1\vendor\codeigniter4\framework\system\Commands\Server\rewrite.php(46): require_once('C:\\Users\\System...')
#12 {main}
CRITICAL - 2022-12-05 02:44:46 --> Cannot delete or update a parent row: a foreign key constraint fails (`sis`.`pegawai`, CONSTRAINT `Pegawai_bagian_id_foreign` FOREIGN KEY (`bagian_id`) REFERENCES `bagian` (`id`) ON UPDATE CASCADE)
in SYSTEMPATH\Database\MySQLi\Connection.php on line 292.
 1 SYSTEMPATH\Database\MySQLi\Connection.php(292): mysqli->query('DELETE FROM `bagian`
WHERE `id` IN (\'3\')', 0)
 2 SYSTEMPATH\Database\BaseConnection.php(666): CodeIgniter\Database\MySQLi\Connection->execute('DELETE FROM `bagian`
WHERE `id` IN (\'3\')')
 3 SYSTEMPATH\Database\BaseConnection.php(593): CodeIgniter\Database\BaseConnection->simpleQuery('DELETE FROM `bagian`
WHERE `id` IN (\'3\')')
 4 SYSTEMPATH\Database\BaseBuilder.php(2391): CodeIgniter\Database\BaseConnection->query('DELETE FROM `bagian`
WHERE `id` IN :id:', [...], false)
 5 SYSTEMPATH\Model.php(401): CodeIgniter\Database\BaseBuilder->delete()
 6 SYSTEMPATH\BaseModel.php(984): CodeIgniter\Model->doDelete([...], false)
 7 APPPATH\Controllers\BagianController.php(60): CodeIgniter\BaseModel->delete([...])
 8 SYSTEMPATH\CodeIgniter.php(927): App\Controllers\BagianController->delete()
 9 SYSTEMPATH\CodeIgniter.php(482): CodeIgniter\CodeIgniter->runController(Object(App\Controllers\BagianController))
10 SYSTEMPATH\CodeIgniter.php(351): CodeIgniter\CodeIgniter->handleRequest(null, Object(Config\Cache), false)
11 FCPATH\index.php(67): CodeIgniter\CodeIgniter->run()
12 SYSTEMPATH\Commands\Server\rewrite.php(46): require_once('FCPATH\\index.php')
CRITICAL - 2022-12-05 02:48:40 --> Call to a member function hasMoved() on null
in APPPATH\Controllers\PegawaiController.php on line 179.
 1 APPPATH\Controllers\PegawaiController.php(132): App\Controllers\PegawaiController->savefile(3)
 2 SYSTEMPATH\CodeIgniter.php(927): App\Controllers\PegawaiController->store()
 3 SYSTEMPATH\CodeIgniter.php(482): CodeIgniter\CodeIgniter->runController(Object(App\Controllers\PegawaiController))
 4 SYSTEMPATH\CodeIgniter.php(351): CodeIgniter\CodeIgniter->handleRequest(null, Object(Config\Cache), false)
 5 FCPATH\index.php(67): CodeIgniter\CodeIgniter->run()
 6 SYSTEMPATH\Commands\Server\rewrite.php(46): require_once('FCPATH\\index.php')
CRITICAL - 2022-12-05 03:27:36 --> Call to a member function hasMoved() on null
in APPPATH\Controllers\PegawaiController.php on line 179.
 1 APPPATH\Controllers\PegawaiController.php(164): App\Controllers\PegawaiController->savefile(1)
 2 SYSTEMPATH\CodeIgniter.php(927): App\Controllers\PegawaiController->update()
 3 SYSTEMPATH\CodeIgniter.php(482): CodeIgniter\CodeIgniter->runController(Object(App\Controllers\PegawaiController))
 4 SYSTEMPATH\CodeIgniter.php(351): CodeIgniter\CodeIgniter->handleRequest(null, Object(Config\Cache), false)
 5 FCPATH\index.php(67): CodeIgniter\CodeIgniter->run()
 6 SYSTEMPATH\Commands\Server\rewrite.php(46): require_once('FCPATH\\index.php')
